{"/home/volland/workspace/package_geoext_extjs6/packages/local/geoext3/src/component/FeatureRenderer.js":{"b":{"1":[5,0],"10":[6,6],"11":[6,6],"12":[6,6],"13":[6,6],"14":[6,6],"15":[1,5],"16":[6,1],"17":[4,7],"18":[11,6],"19":[6,5],"2":[5,0],"20":[1,1],"21":[1,1],"3":[5,0],"4":[5,0],"5":[5,0],"6":[6,2],"7":[8,6],"8":[5,0],"9":[6,0]},"branchMap":{"1":{"line":109,"locations":[{"end":{"column":8,"line":109},"start":{"column":8,"line":109}},{"end":{"column":8,"line":109},"start":{"column":8,"line":109}}],"type":"if"},"10":{"line":247,"locations":[{"end":{"column":78,"line":247},"start":{"column":25,"line":247}},{"end":{"column":83,"line":247},"start":{"column":82,"line":247}}],"type":"binary-expr"},"11":{"line":247,"locations":[{"end":{"column":49,"line":247},"start":{"column":34,"line":247}},{"end":{"column":54,"line":247},"start":{"column":53,"line":247}}],"type":"binary-expr"},"12":{"line":247,"locations":[{"end":{"column":72,"line":247},"start":{"column":56,"line":247}},{"end":{"column":77,"line":247},"start":{"column":76,"line":247}}],"type":"binary-expr"},"13":{"line":257,"locations":[{"end":{"column":39,"line":257},"start":{"column":29,"line":257}},{"end":{"column":61,"line":257},"start":{"column":43,"line":257}}],"type":"binary-expr"},"14":{"line":258,"locations":[{"end":{"column":41,"line":258},"start":{"column":30,"line":258}},{"end":{"column":64,"line":258},"start":{"column":45,"line":258}}],"type":"binary-expr"},"15":{"line":279,"locations":[{"end":{"column":8,"line":279},"start":{"column":8,"line":279}},{"end":{"column":8,"line":279},"start":{"column":8,"line":279}}],"type":"if"},"16":{"line":279,"locations":[{"end":{"column":19,"line":279},"start":{"column":12,"line":279}},{"end":{"column":34,"line":279},"start":{"column":23,"line":279}}],"type":"binary-expr"},"17":{"line":292,"locations":[{"end":{"column":6,"line":292},"start":{"column":6,"line":292}},{"end":{"column":6,"line":292},"start":{"column":6,"line":292}}],"type":"if"},"18":{"line":292,"locations":[{"end":{"column":17,"line":292},"start":{"column":10,"line":292}},{"end":{"column":32,"line":292},"start":{"column":21,"line":292}}],"type":"binary-expr"},"19":{"line":295,"locations":[{"end":{"column":6,"line":295},"start":{"column":6,"line":295}},{"end":{"column":6,"line":295},"start":{"column":6,"line":295}}],"type":"if"},"2":{"line":114,"locations":[{"end":{"column":8,"line":114},"start":{"column":8,"line":114}},{"end":{"column":8,"line":114},"start":{"column":8,"line":114}}],"type":"if"},"20":{"line":314,"locations":[{"end":{"column":8,"line":314},"start":{"column":8,"line":314}},{"end":{"column":8,"line":314},"start":{"column":8,"line":314}}],"type":"if"},"21":{"line":317,"locations":[{"end":{"column":8,"line":317},"start":{"column":8,"line":317}},{"end":{"column":8,"line":317},"start":{"column":8,"line":317}}],"type":"if"},"3":{"line":119,"locations":[{"end":{"column":8,"line":119},"start":{"column":8,"line":119}},{"end":{"column":8,"line":119},"start":{"column":8,"line":119}}],"type":"if"},"4":{"line":133,"locations":[{"end":{"column":8,"line":133},"start":{"column":8,"line":133}},{"end":{"column":8,"line":133},"start":{"column":8,"line":133}}],"type":"if"},"5":{"line":148,"locations":[{"end":{"column":8,"line":148},"start":{"column":8,"line":148}},{"end":{"column":8,"line":148},"start":{"column":8,"line":148}}],"type":"if"},"6":{"line":188,"locations":[{"end":{"column":8,"line":188},"start":{"column":8,"line":188}},{"end":{"column":8,"line":188},"start":{"column":8,"line":188}}],"type":"if"},"7":{"line":188,"locations":[{"end":{"column":19,"line":188},"start":{"column":12,"line":188}},{"end":{"column":45,"line":188},"start":{"column":23,"line":188}}],"type":"binary-expr"},"8":{"line":207,"locations":[{"end":{"column":8,"line":207},"start":{"column":8,"line":207}},{"end":{"column":8,"line":207},"start":{"column":8,"line":207}}],"type":"if"},"9":{"line":246,"locations":[{"end":{"column":8,"line":246},"start":{"column":8,"line":246}},{"end":{"column":8,"line":246},"start":{"column":8,"line":246}}],"type":"if"}},"f":{"1":5,"10":6,"11":6,"12":11,"13":2,"2":3,"3":3,"4":3,"5":8,"6":0,"7":5,"8":3,"9":3},"fnMap":{"1":{"line":101,"loc":{"end":{"column":29,"line":101},"start":{"column":19,"line":101}},"name":"(anonymous_1)"},"10":{"line":235,"loc":{"end":{"column":38,"line":235},"start":{"column":27,"line":235}},"name":"(anonymous_10)"},"11":{"line":277,"loc":{"end":{"column":44,"line":277},"start":{"column":22,"line":277}},"name":"(anonymous_11)"},"12":{"line":290,"loc":{"end":{"column":36,"line":290},"start":{"column":18,"line":290}},"name":"(anonymous_12)"},"13":{"line":313,"loc":{"end":{"column":30,"line":313},"start":{"column":12,"line":313}},"name":"(anonymous_13)"},"2":{"line":160,"loc":{"end":{"column":25,"line":160},"start":{"column":14,"line":160}},"name":"(anonymous_2)"},"3":{"line":169,"loc":{"end":{"column":28,"line":169},"start":{"column":17,"line":169}},"name":"(anonymous_3)"},"4":{"line":178,"loc":{"end":{"column":33,"line":178},"start":{"column":22,"line":178}},"name":"(anonymous_4)"},"5":{"line":187,"loc":{"end":{"column":34,"line":187},"start":{"column":23,"line":187}},"name":"(anonymous_5)"},"6":{"line":197,"loc":{"end":{"column":24,"line":197},"start":{"column":13,"line":197}},"name":"(anonymous_6)"},"7":{"line":205,"loc":{"end":{"column":30,"line":205},"start":{"column":19,"line":205}},"name":"(anonymous_7)"},"8":{"line":217,"loc":{"end":{"column":25,"line":217},"start":{"column":14,"line":217}},"name":"(anonymous_8)"},"9":{"line":226,"loc":{"end":{"column":28,"line":226},"start":{"column":17,"line":226}},"name":"(anonymous_9)"}},"path":"/home/volland/workspace/package_geoext_extjs6/packages/local/geoext3/src/component/FeatureRenderer.js","s":{"1":1,"10":5,"11":5,"12":5,"13":5,"14":5,"15":5,"16":5,"17":0,"18":5,"19":3,"2":5,"20":3,"21":3,"22":3,"23":3,"24":3,"25":8,"26":6,"27":0,"28":5,"29":5,"3":5,"30":5,"31":3,"32":3,"33":3,"34":3,"35":6,"36":6,"37":6,"38":6,"39":6,"4":5,"40":6,"41":6,"42":6,"43":6,"44":6,"45":6,"46":6,"47":6,"48":6,"49":6,"5":5,"50":6,"51":6,"52":6,"53":1,"54":6,"55":11,"56":11,"57":4,"58":11,"59":6,"6":5,"60":6,"61":6,"62":11,"63":2,"64":1,"65":2,"66":1,"7":5,"8":5,"9":5},"statementMap":{"1":{"end":{"column":3,"line":321},"start":{"column":0,"line":6}},"10":{"end":{"column":16,"line":131},"start":{"column":12,"line":120}},"11":{"end":{"column":9,"line":137},"start":{"column":8,"line":133}},"12":{"end":{"column":16,"line":136},"start":{"column":12,"line":134}},"13":{"end":{"column":11,"line":146},"start":{"column":8,"line":138}},"14":{"end":{"column":40,"line":147},"start":{"column":8,"line":147}},"15":{"end":{"column":9,"line":152},"start":{"column":8,"line":148}},"16":{"end":{"column":78,"line":149},"start":{"column":12,"line":149}},"17":{"end":{"column":39,"line":151},"start":{"column":12,"line":151}},"18":{"end":{"column":33,"line":153},"start":{"column":8,"line":153}},"19":{"end":{"column":35,"line":161},"start":{"column":8,"line":161}},"2":{"end":{"column":22,"line":102},"start":{"column":8,"line":102}},"20":{"end":{"column":27,"line":162},"start":{"column":8,"line":162}},"21":{"end":{"column":35,"line":170},"start":{"column":8,"line":170}},"22":{"end":{"column":32,"line":171},"start":{"column":8,"line":171}},"23":{"end":{"column":33,"line":179},"start":{"column":8,"line":179}},"24":{"end":{"column":48,"line":180},"start":{"column":8,"line":180}},"25":{"end":{"column":9,"line":190},"start":{"column":8,"line":188}},"26":{"end":{"column":37,"line":189},"start":{"column":12,"line":189}},"27":{"end":{"column":38,"line":198},"start":{"column":8,"line":198}},"28":{"end":{"column":33,"line":206},"start":{"column":8,"line":206}},"29":{"end":{"column":9,"line":209},"start":{"column":8,"line":207}},"3":{"end":{"column":30,"line":103},"start":{"column":8,"line":103}},"30":{"end":{"column":37,"line":208},"start":{"column":12,"line":208}},"31":{"end":{"column":37,"line":218},"start":{"column":8,"line":218}},"32":{"end":{"column":35,"line":219},"start":{"column":8,"line":219}},"33":{"end":{"column":37,"line":227},"start":{"column":6,"line":227}},"34":{"end":{"column":35,"line":228},"start":{"column":6,"line":228}},"35":{"end":{"column":56,"line":236},"start":{"column":8,"line":236}},"36":{"end":{"column":40,"line":237},"start":{"column":8,"line":237}},"37":{"end":{"column":41,"line":238},"start":{"column":8,"line":238}},"38":{"end":{"column":55,"line":245},"start":{"column":8,"line":245}},"39":{"end":{"column":9,"line":248},"start":{"column":8,"line":246}},"4":{"end":{"column":10,"line":108},"start":{"column":8,"line":104}},"40":{"end":{"column":84,"line":247},"start":{"column":12,"line":247}},"41":{"end":{"column":12,"line":255},"start":{"column":8,"line":249}},"42":{"end":{"column":80,"line":257},"start":{"column":8,"line":257}},"43":{"end":{"column":83,"line":258},"start":{"column":8,"line":258}},"44":{"end":{"column":45,"line":260},"start":{"column":8,"line":260}},"45":{"end":{"column":44,"line":261},"start":{"column":8,"line":261}},"46":{"end":{"column":45,"line":262},"start":{"column":8,"line":262}},"47":{"end":{"column":14,"line":266},"start":{"column":8,"line":263}},"48":{"end":{"column":63,"line":267},"start":{"column":8,"line":267}},"49":{"end":{"column":30,"line":268},"start":{"column":8,"line":268}},"5":{"end":{"column":9,"line":113},"start":{"column":8,"line":109}},"50":{"end":{"column":65,"line":269},"start":{"column":8,"line":269}},"51":{"end":{"column":40,"line":278},"start":{"column":8,"line":278}},"52":{"end":{"column":9,"line":281},"start":{"column":8,"line":279}},"53":{"end":{"column":42,"line":280},"start":{"column":12,"line":280}},"54":{"end":{"column":27,"line":282},"start":{"column":8,"line":282}},"55":{"end":{"column":46,"line":291},"start":{"column":6,"line":291}},"56":{"end":{"column":7,"line":294},"start":{"column":6,"line":292}},"57":{"end":{"column":40,"line":293},"start":{"column":10,"line":293}},"58":{"end":{"column":7,"line":299},"start":{"column":6,"line":295}},"59":{"end":{"column":64,"line":296},"start":{"column":10,"line":296}},"6":{"end":{"column":16,"line":112},"start":{"column":12,"line":110}},"60":{"end":{"column":25,"line":297},"start":{"column":10,"line":297}},"61":{"end":{"column":37,"line":298},"start":{"column":10,"line":298}},"62":{"end":{"column":21,"line":300},"start":{"column":6,"line":300}},"63":{"end":{"column":9,"line":316},"start":{"column":8,"line":314}},"64":{"end":{"column":45,"line":315},"start":{"column":12,"line":315}},"65":{"end":{"column":9,"line":319},"start":{"column":8,"line":317}},"66":{"end":{"column":53,"line":318},"start":{"column":12,"line":318}},"7":{"end":{"column":9,"line":118},"start":{"column":8,"line":114}},"8":{"end":{"column":16,"line":117},"start":{"column":12,"line":115}},"9":{"end":{"column":9,"line":132},"start":{"column":8,"line":119}}}},"/home/volland/workspace/package_geoext_extjs6/packages/local/geoext3/src/component/Map.js":{"b":{"1":[1,14],"10":[0,15],"11":[14,1],"12":[0,15],"13":[2,0],"14":[2,0],"15":[2,0],"2":[11,0],"3":[0,0],"4":[0,0],"5":[0,0],"6":[0,0],"7":[0,0],"8":[0,0],"9":[0,0]},"branchMap":{"1":{"line":154,"locations":[{"end":{"column":8,"line":154},"start":{"column":8,"line":154}},{"end":{"column":8,"line":154},"start":{"column":8,"line":154}}],"type":"if"},"10":{"line":288,"locations":[{"end":{"column":8,"line":288},"start":{"column":8,"line":288}},{"end":{"column":8,"line":288},"start":{"column":8,"line":288}}],"type":"if"},"11":{"line":322,"locations":[{"end":{"column":8,"line":322},"start":{"column":8,"line":322}},{"end":{"column":8,"line":322},"start":{"column":8,"line":322}}],"type":"if"},"12":{"line":335,"locations":[{"end":{"column":8,"line":335},"start":{"column":8,"line":335}},{"end":{"column":8,"line":335},"start":{"column":8,"line":335}}],"type":"if"},"13":{"line":388,"locations":[{"end":{"column":8,"line":388},"start":{"column":8,"line":388}},{"end":{"column":8,"line":388},"start":{"column":8,"line":388}}],"type":"if"},"14":{"line":401,"locations":[{"end":{"column":8,"line":401},"start":{"column":8,"line":401}},{"end":{"column":8,"line":401},"start":{"column":8,"line":401}}],"type":"if"},"15":{"line":402,"locations":[{"end":{"column":12,"line":402},"start":{"column":12,"line":402}},{"end":{"column":12,"line":402},"start":{"column":12,"line":402}}],"type":"if"},"2":{"line":179,"locations":[{"end":{"column":8,"line":179},"start":{"column":8,"line":179}},{"end":{"column":8,"line":179},"start":{"column":8,"line":179}}],"type":"if"},"3":{"line":208,"locations":[{"end":{"column":8,"line":208},"start":{"column":8,"line":208}},{"end":{"column":8,"line":208},"start":{"column":8,"line":208}}],"type":"if"},"4":{"line":213,"locations":[{"end":{"column":8,"line":213},"start":{"column":8,"line":213}},{"end":{"column":8,"line":213},"start":{"column":8,"line":213}}],"type":"if"},"5":{"line":216,"locations":[{"end":{"column":12,"line":216},"start":{"column":12,"line":216}},{"end":{"column":12,"line":216},"start":{"column":12,"line":216}}],"type":"if"},"6":{"line":216,"locations":[{"end":{"column":34,"line":216},"start":{"column":16,"line":216}},{"end":{"column":56,"line":216},"start":{"column":38,"line":216}}],"type":"binary-expr"},"7":{"line":241,"locations":[{"end":{"column":8,"line":241},"start":{"column":8,"line":241}},{"end":{"column":8,"line":241},"start":{"column":8,"line":241}}],"type":"if"},"8":{"line":252,"locations":[{"end":{"column":8,"line":252},"start":{"column":8,"line":252}},{"end":{"column":8,"line":252},"start":{"column":8,"line":252}}],"type":"if"},"9":{"line":270,"locations":[{"end":{"column":8,"line":270},"start":{"column":8,"line":270}},{"end":{"column":8,"line":270},"start":{"column":8,"line":270}}],"type":"if"}},"f":{"1":15,"10":15,"11":4,"12":1,"13":6,"14":10,"15":3,"16":2,"17":2,"18":1,"19":18,"2":11,"20":1,"3":0,"4":0,"5":0,"6":15,"7":0,"8":0,"9":15},"fnMap":{"1":{"line":152,"loc":{"end":{"column":30,"line":152},"start":{"column":19,"line":152}},"name":"(anonymous_1)"},"10":{"line":334,"loc":{"end":{"column":36,"line":334},"start":{"column":22,"line":334}},"name":"(anonymous_10)"},"11":{"line":347,"loc":{"end":{"column":25,"line":347},"start":{"column":15,"line":347}},"name":"(anonymous_11)"},"12":{"line":355,"loc":{"end":{"column":31,"line":355},"start":{"column":15,"line":355}},"name":"(anonymous_12)"},"13":{"line":363,"loc":{"end":{"column":25,"line":363},"start":{"column":15,"line":363}},"name":"(anonymous_13)"},"14":{"line":371,"loc":{"end":{"column":31,"line":371},"start":{"column":15,"line":371}},"name":"(anonymous_14)"},"15":{"line":379,"loc":{"end":{"column":25,"line":379},"start":{"column":15,"line":379}},"name":"(anonymous_15)"},"16":{"line":387,"loc":{"end":{"column":29,"line":387},"start":{"column":14,"line":387}},"name":"(anonymous_16)"},"17":{"line":400,"loc":{"end":{"column":32,"line":400},"start":{"column":17,"line":400}},"name":"(anonymous_17)"},"18":{"line":415,"loc":{"end":{"column":24,"line":415},"start":{"column":14,"line":415}},"name":"(anonymous_18)"},"19":{"line":423,"loc":{"end":{"column":23,"line":423},"start":{"column":13,"line":423}},"name":"(anonymous_19)"},"2":{"line":176,"loc":{"end":{"column":24,"line":176},"start":{"column":14,"line":176}},"name":"(anonymous_2)"},"20":{"line":431,"loc":{"end":{"column":27,"line":431},"start":{"column":13,"line":431}},"name":"(anonymous_20)"},"3":{"line":203,"loc":{"end":{"column":42,"line":203},"start":{"column":27,"line":203}},"name":"(anonymous_3)"},"4":{"line":237,"loc":{"end":{"column":41,"line":237},"start":{"column":31,"line":237}},"name":"(anonymous_4)"},"5":{"line":267,"loc":{"end":{"column":40,"line":267},"start":{"column":29,"line":267}},"name":"(anonymous_5)"},"6":{"line":285,"loc":{"end":{"column":42,"line":285},"start":{"column":31,"line":285}},"name":"(anonymous_6)"},"7":{"line":302,"loc":{"end":{"column":29,"line":302},"start":{"column":18,"line":302}},"name":"(anonymous_7)"},"8":{"line":311,"loc":{"end":{"column":29,"line":311},"start":{"column":18,"line":311}},"name":"(anonymous_8)"},"9":{"line":319,"loc":{"end":{"column":43,"line":319},"start":{"column":33,"line":319}},"name":"(anonymous_9)"}},"path":"/home/volland/workspace/package_geoext_extjs6/packages/local/geoext3/src/component/Map.js","s":{"1":1,"10":11,"11":11,"12":11,"13":0,"14":0,"15":0,"16":0,"17":0,"18":0,"19":0,"2":15,"20":0,"21":0,"22":0,"23":0,"24":0,"25":0,"26":0,"27":0,"28":0,"29":0,"3":15,"30":0,"31":0,"32":0,"33":0,"34":0,"35":0,"36":0,"37":0,"38":0,"39":0,"4":1,"40":0,"41":15,"42":15,"43":15,"44":0,"45":0,"46":0,"47":15,"48":15,"49":15,"5":1,"50":14,"51":15,"52":0,"53":15,"54":15,"55":4,"56":1,"57":6,"58":10,"59":3,"6":15,"60":2,"61":2,"62":0,"63":2,"64":2,"65":2,"66":0,"67":1,"68":18,"69":1,"7":15,"8":15,"9":11},"statementMap":{"1":{"end":{"column":3,"line":434},"start":{"column":0,"line":37}},"10":{"end":{"column":9,"line":184},"start":{"column":8,"line":179}},"11":{"end":{"column":56,"line":180},"start":{"column":12,"line":180}},"12":{"end":{"column":34,"line":181},"start":{"column":12,"line":181}},"13":{"end":{"column":37,"line":183},"start":{"column":12,"line":183}},"14":{"end":{"column":22,"line":204},"start":{"column":8,"line":204}},"15":{"end":{"column":58,"line":205},"start":{"column":8,"line":205}},"16":{"end":{"column":32,"line":206},"start":{"column":8,"line":206}},"17":{"end":{"column":9,"line":211},"start":{"column":8,"line":208}},"18":{"end":{"column":50,"line":209},"start":{"column":12,"line":209}},"19":{"end":{"column":19,"line":210},"start":{"column":12,"line":210}},"2":{"end":{"column":22,"line":153},"start":{"column":8,"line":153}},"20":{"end":{"column":9,"line":225},"start":{"column":8,"line":213}},"21":{"end":{"column":69,"line":214},"start":{"column":12,"line":214}},"22":{"end":{"column":69,"line":215},"start":{"column":12,"line":215}},"23":{"end":{"column":13,"line":222},"start":{"column":12,"line":216}},"24":{"end":{"column":44,"line":217},"start":{"column":16,"line":217}},"25":{"end":{"column":72,"line":220},"start":{"column":16,"line":220}},"26":{"end":{"column":23,"line":221},"start":{"column":16,"line":221}},"27":{"end":{"column":40,"line":224},"start":{"column":12,"line":224}},"28":{"end":{"column":49,"line":228},"start":{"column":8,"line":228}},"29":{"end":{"column":22,"line":238},"start":{"column":8,"line":238}},"3":{"end":{"column":9,"line":162},"start":{"column":8,"line":154}},"30":{"end":{"column":30,"line":239},"start":{"column":8,"line":239}},"31":{"end":{"column":9,"line":247},"start":{"column":8,"line":241}},"32":{"end":{"column":14,"line":246},"start":{"column":12,"line":242}},"33":{"end":{"column":54,"line":250},"start":{"column":8,"line":250}},"34":{"end":{"column":9,"line":257},"start":{"column":8,"line":252}},"35":{"end":{"column":65,"line":254},"start":{"column":12,"line":254}},"36":{"end":{"column":41,"line":256},"start":{"column":12,"line":256}},"37":{"end":{"column":22,"line":268},"start":{"column":8,"line":268}},"38":{"end":{"column":31,"line":269},"start":{"column":8,"line":269}},"39":{"end":{"column":9,"line":276},"start":{"column":8,"line":270}},"4":{"end":{"column":15,"line":160},"start":{"column":12,"line":155}},"40":{"end":{"column":15,"line":275},"start":{"column":12,"line":271}},"41":{"end":{"column":22,"line":286},"start":{"column":8,"line":286}},"42":{"end":{"column":31,"line":287},"start":{"column":8,"line":287}},"43":{"end":{"column":9,"line":294},"start":{"column":8,"line":288}},"44":{"end":{"column":15,"line":293},"start":{"column":12,"line":289}},"45":{"end":{"column":37,"line":303},"start":{"column":8,"line":303}},"46":{"end":{"column":38,"line":312},"start":{"column":8,"line":312}},"47":{"end":{"column":32,"line":320},"start":{"column":8,"line":320}},"48":{"end":{"column":41,"line":321},"start":{"column":8,"line":321}},"49":{"end":{"column":9,"line":324},"start":{"column":8,"line":322}},"5":{"end":{"column":29,"line":161},"start":{"column":12,"line":161}},"50":{"end":{"column":60,"line":323},"start":{"column":12,"line":323}},"51":{"end":{"column":9,"line":339},"start":{"column":8,"line":335}},"52":{"end":{"column":45,"line":336},"start":{"column":12,"line":336}},"53":{"end":{"column":47,"line":338},"start":{"column":12,"line":338}},"54":{"end":{"column":19,"line":340},"start":{"column":8,"line":340}},"55":{"end":{"column":51,"line":348},"start":{"column":8,"line":348}},"56":{"end":{"column":50,"line":356},"start":{"column":8,"line":356}},"57":{"end":{"column":71,"line":364},"start":{"column":8,"line":364}},"58":{"end":{"column":66,"line":372},"start":{"column":8,"line":372}},"59":{"end":{"column":41,"line":380},"start":{"column":8,"line":380}},"6":{"end":{"column":11,"line":167},"start":{"column":8,"line":164}},"60":{"end":{"column":9,"line":393},"start":{"column":8,"line":388}},"61":{"end":{"column":42,"line":389},"start":{"column":12,"line":389}},"62":{"end":{"column":48,"line":392},"start":{"column":12,"line":391}},"63":{"end":{"column":9,"line":408},"start":{"column":8,"line":401}},"64":{"end":{"column":13,"line":404},"start":{"column":12,"line":402}},"65":{"end":{"column":49,"line":403},"start":{"column":16,"line":403}},"66":{"end":{"column":48,"line":407},"start":{"column":12,"line":406}},"67":{"end":{"column":31,"line":416},"start":{"column":8,"line":416}},"68":{"end":{"column":39,"line":424},"start":{"column":8,"line":424}},"69":{"end":{"column":36,"line":432},"start":{"column":8,"line":432}},"7":{"end":{"column":41,"line":169},"start":{"column":8,"line":169}},"8":{"end":{"column":24,"line":170},"start":{"column":8,"line":170}},"9":{"end":{"column":22,"line":178},"start":{"column":8,"line":178}}}},"/home/volland/workspace/package_geoext_extjs6/packages/local/geoext3/src/component/OverviewMap.js":{"b":{"1":[8,9],"10":[2,1],"11":[11,11],"12":[11,11],"13":[12,0],"14":[0,0],"15":[5,5],"16":[5,0],"17":[5,0],"18":[0,0],"2":[8,1],"3":[1,11],"4":[1,10],"5":[9,1],"6":[8,0],"7":[8,0],"8":[10,0],"9":[2,0]},"branchMap":{"1":{"line":151,"locations":[{"end":{"column":12,"line":151},"start":{"column":12,"line":151}},{"end":{"column":12,"line":151},"start":{"column":12,"line":151}}],"type":"if"},"10":{"line":295,"locations":[{"end":{"column":32,"line":295},"start":{"column":12,"line":295}},{"end":{"column":60,"line":295},"start":{"column":36,"line":295}}],"type":"binary-expr"},"11":{"line":345,"locations":[{"end":{"column":8,"line":345},"start":{"column":8,"line":345}},{"end":{"column":8,"line":345},"start":{"column":8,"line":345}}],"type":"if"},"12":{"line":348,"locations":[{"end":{"column":8,"line":348},"start":{"column":8,"line":348}},{"end":{"column":8,"line":348},"start":{"column":8,"line":348}}],"type":"if"},"13":{"line":362,"locations":[{"end":{"column":8,"line":362},"start":{"column":8,"line":362}},{"end":{"column":8,"line":362},"start":{"column":8,"line":362}}],"type":"if"},"14":{"line":370,"locations":[{"end":{"column":8,"line":370},"start":{"column":8,"line":370}},{"end":{"column":8,"line":370},"start":{"column":8,"line":370}}],"type":"if"},"15":{"line":384,"locations":[{"end":{"column":34,"line":384},"start":{"column":25,"line":384}},{"end":{"column":57,"line":384},"start":{"column":38,"line":384}}],"type":"binary-expr"},"16":{"line":385,"locations":[{"end":{"column":8,"line":385},"start":{"column":8,"line":385}},{"end":{"column":8,"line":385},"start":{"column":8,"line":385}}],"type":"if"},"17":{"line":389,"locations":[{"end":{"column":8,"line":389},"start":{"column":8,"line":389}},{"end":{"column":8,"line":389},"start":{"column":8,"line":389}}],"type":"if"},"18":{"line":404,"locations":[{"end":{"column":8,"line":404},"start":{"column":8,"line":404}},{"end":{"column":8,"line":404},"start":{"column":8,"line":404}}],"type":"if"},"2":{"line":155,"locations":[{"end":{"column":19,"line":155},"start":{"column":19,"line":155}},{"end":{"column":19,"line":155},"start":{"column":19,"line":155}}],"type":"if"},"3":{"line":203,"locations":[{"end":{"column":8,"line":203},"start":{"column":8,"line":203}},{"end":{"column":8,"line":203},"start":{"column":8,"line":203}}],"type":"if"},"4":{"line":205,"locations":[{"end":{"column":15,"line":205},"start":{"column":15,"line":205}},{"end":{"column":15,"line":205},"start":{"column":15,"line":205}}],"type":"if"},"5":{"line":237,"locations":[{"end":{"column":8,"line":237},"start":{"column":8,"line":237}},{"end":{"column":8,"line":237},"start":{"column":8,"line":237}}],"type":"if"},"6":{"line":240,"locations":[{"end":{"column":16,"line":240},"start":{"column":16,"line":240}},{"end":{"column":16,"line":240},"start":{"column":16,"line":240}}],"type":"if"},"7":{"line":240,"locations":[{"end":{"column":49,"line":240},"start":{"column":19,"line":240}},{"end":{"column":50,"line":241},"start":{"column":19,"line":241}}],"type":"binary-expr"},"8":{"line":248,"locations":[{"end":{"column":8,"line":248},"start":{"column":8,"line":248}},{"end":{"column":8,"line":248},"start":{"column":8,"line":248}}],"type":"if"},"9":{"line":295,"locations":[{"end":{"column":8,"line":295},"start":{"column":8,"line":295}},{"end":{"column":8,"line":295},"start":{"column":8,"line":295}}],"type":"if"}},"f":{"1":50,"10":2,"11":0,"12":5,"13":22,"14":12,"15":0,"16":5,"17":0,"18":2,"19":2,"2":17,"3":40,"4":12,"5":12,"6":12,"7":10,"8":8,"9":19},"fnMap":{"1":{"line":130,"loc":{"end":{"column":68,"line":130},"start":{"column":34,"line":130}},"name":"(anonymous_1)"},"10":{"line":294,"loc":{"end":{"column":41,"line":294},"start":{"column":28,"line":294}},"name":"(anonymous_10)"},"11":{"line":306,"loc":{"end":{"column":37,"line":306},"start":{"column":24,"line":306}},"name":"(anonymous_11)"},"12":{"line":322,"loc":{"end":{"column":25,"line":322},"start":{"column":15,"line":322}},"name":"(anonymous_12)"},"13":{"line":340,"loc":{"end":{"column":41,"line":340},"start":{"column":28,"line":340}},"name":"(anonymous_13)"},"14":{"line":359,"loc":{"end":{"column":49,"line":359},"start":{"column":26,"line":359}},"name":"(anonymous_14)"},"15":{"line":364,"loc":{"end":{"column":53,"line":364},"start":{"column":42,"line":364}},"name":"(anonymous_15)"},"16":{"line":380,"loc":{"end":{"column":31,"line":380},"start":{"column":21,"line":380}},"name":"(anonymous_16)"},"17":{"line":399,"loc":{"end":{"column":24,"line":399},"start":{"column":14,"line":399}},"name":"(anonymous_17)"},"18":{"line":415,"loc":{"end":{"column":37,"line":415},"start":{"column":22,"line":415}},"name":"(anonymous_18)"},"19":{"line":423,"loc":{"end":{"column":34,"line":423},"start":{"column":19,"line":423}},"name":"(anonymous_19)"},"2":{"line":146,"loc":{"end":{"column":70,"line":146},"start":{"column":32,"line":146}},"name":"(anonymous_2)"},"3":{"line":157,"loc":{"end":{"column":46,"line":157},"start":{"column":31,"line":157}},"name":"(anonymous_3)"},"4":{"line":192,"loc":{"end":{"column":27,"line":192},"start":{"column":17,"line":192}},"name":"(anonymous_4)"},"5":{"line":200,"loc":{"end":{"column":30,"line":200},"start":{"column":19,"line":200}},"name":"(anonymous_5)"},"6":{"line":220,"loc":{"end":{"column":36,"line":220},"start":{"column":26,"line":220}},"name":"(anonymous_6)"},"7":{"line":232,"loc":{"end":{"column":31,"line":232},"start":{"column":21,"line":232}},"name":"(anonymous_7)"},"8":{"line":239,"loc":{"end":{"column":48,"line":239},"start":{"column":33,"line":239}},"name":"(anonymous_8)"},"9":{"line":262,"loc":{"end":{"column":48,"line":262},"start":{"column":33,"line":262}},"name":"(anonymous_9)"}},"path":"/home/volland/workspace/package_geoext_extjs6/packages/local/geoext3/src/component/OverviewMap.js","s":{"1":1,"10":17,"11":8,"12":8,"13":9,"14":8,"15":8,"16":40,"17":8,"18":17,"19":12,"2":50,"20":12,"21":12,"22":12,"23":1,"24":11,"25":1,"26":10,"27":10,"28":10,"29":10,"3":50,"30":12,"31":12,"32":12,"33":12,"34":10,"35":10,"36":9,"37":9,"38":8,"39":8,"4":50,"40":10,"41":10,"42":10,"43":10,"44":10,"45":10,"46":19,"47":10,"48":10,"49":10,"5":50,"50":10,"51":10,"52":2,"53":2,"54":0,"55":0,"56":0,"57":0,"58":0,"59":0,"6":50,"60":0,"61":5,"62":5,"63":5,"64":5,"65":5,"66":5,"67":22,"68":22,"69":11,"7":17,"70":22,"71":11,"72":12,"73":12,"74":12,"75":0,"76":12,"77":0,"78":0,"79":0,"8":17,"80":5,"81":5,"82":5,"83":5,"84":5,"85":5,"86":0,"87":0,"88":0,"89":0,"9":17,"90":0,"91":2,"92":2,"93":2,"94":2},"statementMap":{"1":{"end":{"column":3,"line":427},"start":{"column":0,"line":59}},"10":{"end":{"column":13,"line":161},"start":{"column":12,"line":151}},"11":{"end":{"column":35,"line":153},"start":{"column":16,"line":152}},"12":{"end":{"column":43,"line":154},"start":{"column":16,"line":154}},"13":{"end":{"column":13,"line":161},"start":{"column":19,"line":155}},"14":{"end":{"column":50,"line":156},"start":{"column":16,"line":156}},"15":{"end":{"column":19,"line":159},"start":{"column":16,"line":157}},"16":{"end":{"column":88,"line":158},"start":{"column":20,"line":158}},"17":{"end":{"column":42,"line":160},"start":{"column":16,"line":160}},"18":{"end":{"column":24,"line":162},"start":{"column":12,"line":162}},"19":{"end":{"column":36,"line":193},"start":{"column":8,"line":193}},"2":{"end":{"column":46,"line":131},"start":{"column":12,"line":131}},"20":{"end":{"column":35,"line":194},"start":{"column":8,"line":194}},"21":{"end":{"column":22,"line":201},"start":{"column":8,"line":201}},"22":{"end":{"column":9,"line":207},"start":{"column":8,"line":203}},"23":{"end":{"column":68,"line":204},"start":{"column":12,"line":204}},"24":{"end":{"column":9,"line":207},"start":{"column":15,"line":205}},"25":{"end":{"column":70,"line":206},"start":{"column":12,"line":206}},"26":{"end":{"column":29,"line":209},"start":{"column":8,"line":209}},"27":{"end":{"column":55,"line":211},"start":{"column":8,"line":211}},"28":{"end":{"column":41,"line":212},"start":{"column":8,"line":212}},"29":{"end":{"column":24,"line":214},"start":{"column":8,"line":214}},"3":{"end":{"column":46,"line":132},"start":{"column":12,"line":132}},"30":{"end":{"column":22,"line":221},"start":{"column":8,"line":221}},"31":{"end":{"column":41,"line":222},"start":{"column":8,"line":222}},"32":{"end":{"column":44,"line":223},"start":{"column":8,"line":223}},"33":{"end":{"column":11,"line":226},"start":{"column":8,"line":224}},"34":{"end":{"column":25,"line":235},"start":{"column":8,"line":233}},"35":{"end":{"column":9,"line":245},"start":{"column":8,"line":237}},"36":{"end":{"column":57,"line":238},"start":{"column":12,"line":238}},"37":{"end":{"column":15,"line":244},"start":{"column":12,"line":239}},"38":{"end":{"column":17,"line":243},"start":{"column":16,"line":240}},"39":{"end":{"column":47,"line":242},"start":{"column":20,"line":242}},"4":{"end":{"column":57,"line":135},"start":{"column":12,"line":134}},"40":{"end":{"column":44,"line":246},"start":{"column":8,"line":246}},"41":{"end":{"column":9,"line":260},"start":{"column":8,"line":248}},"42":{"end":{"column":49,"line":249},"start":{"column":12,"line":249}},"43":{"end":{"column":15,"line":258},"start":{"column":12,"line":250}},"44":{"end":{"column":29,"line":259},"start":{"column":12,"line":259}},"45":{"end":{"column":11,"line":264},"start":{"column":8,"line":262}},"46":{"end":{"column":40,"line":263},"start":{"column":12,"line":263}},"47":{"end":{"column":80,"line":270},"start":{"column":8,"line":270}},"48":{"end":{"column":53,"line":275},"start":{"column":8,"line":275}},"49":{"end":{"column":44,"line":280},"start":{"column":8,"line":280}},"5":{"end":{"column":57,"line":138},"start":{"column":12,"line":137}},"50":{"end":{"column":48,"line":281},"start":{"column":8,"line":281}},"51":{"end":{"column":11,"line":286},"start":{"column":8,"line":283}},"52":{"end":{"column":9,"line":297},"start":{"column":8,"line":295}},"53":{"end":{"column":49,"line":296},"start":{"column":12,"line":296}},"54":{"end":{"column":22,"line":307},"start":{"column":8,"line":307}},"55":{"end":{"column":42,"line":308},"start":{"column":8,"line":308}},"56":{"end":{"column":45,"line":309},"start":{"column":8,"line":309}},"57":{"end":{"column":54,"line":310},"start":{"column":8,"line":310}},"58":{"end":{"column":11,"line":314},"start":{"column":8,"line":311}},"59":{"end":{"column":45,"line":315},"start":{"column":8,"line":315}},"6":{"end":{"column":26,"line":140},"start":{"column":12,"line":140}},"60":{"end":{"column":45,"line":316},"start":{"column":8,"line":316}},"61":{"end":{"column":60,"line":327},"start":{"column":8,"line":323}},"62":{"end":{"column":82,"line":329},"start":{"column":8,"line":329}},"63":{"end":{"column":40,"line":330},"start":{"column":8,"line":330}},"64":{"end":{"column":75,"line":332},"start":{"column":8,"line":332}},"65":{"end":{"column":86,"line":333},"start":{"column":8,"line":333}},"66":{"end":{"column":45,"line":334},"start":{"column":8,"line":334}},"67":{"end":{"column":49,"line":343},"start":{"column":8,"line":341}},"68":{"end":{"column":9,"line":347},"start":{"column":8,"line":345}},"69":{"end":{"column":63,"line":346},"start":{"column":12,"line":346}},"7":{"end":{"column":26,"line":147},"start":{"column":12,"line":147}},"70":{"end":{"column":9,"line":351},"start":{"column":8,"line":348}},"71":{"end":{"column":71,"line":350},"start":{"column":12,"line":349}},"72":{"end":{"column":30,"line":361},"start":{"column":8,"line":360}},"73":{"end":{"column":9,"line":369},"start":{"column":8,"line":362}},"74":{"end":{"column":35,"line":367},"start":{"column":12,"line":364}},"75":{"end":{"column":53,"line":366},"start":{"column":16,"line":366}},"76":{"end":{"column":19,"line":368},"start":{"column":12,"line":368}},"77":{"end":{"column":9,"line":374},"start":{"column":8,"line":370}},"78":{"end":{"column":55,"line":371},"start":{"column":12,"line":371}},"79":{"end":{"column":55,"line":373},"start":{"column":12,"line":373}},"8":{"end":{"column":24,"line":148},"start":{"column":12,"line":148}},"80":{"end":{"column":58,"line":384},"start":{"column":8,"line":381}},"81":{"end":{"column":9,"line":388},"start":{"column":8,"line":385}},"82":{"end":{"column":55,"line":387},"start":{"column":12,"line":387}},"83":{"end":{"column":9,"line":393},"start":{"column":8,"line":389}},"84":{"end":{"column":57,"line":391},"start":{"column":12,"line":391}},"85":{"end":{"column":75,"line":392},"start":{"column":12,"line":392}},"86":{"end":{"column":30,"line":403},"start":{"column":8,"line":401}},"87":{"end":{"column":9,"line":409},"start":{"column":8,"line":404}},"88":{"end":{"column":31,"line":405},"start":{"column":12,"line":405}},"89":{"end":{"column":34,"line":406},"start":{"column":12,"line":406}},"9":{"end":{"column":23,"line":149},"start":{"column":12,"line":149}},"90":{"end":{"column":37,"line":408},"start":{"column":12,"line":408}},"91":{"end":{"column":43,"line":416},"start":{"column":8,"line":416}},"92":{"end":{"column":21,"line":417},"start":{"column":8,"line":417}},"93":{"end":{"column":40,"line":424},"start":{"column":8,"line":424}},"94":{"end":{"column":21,"line":425},"start":{"column":8,"line":425}}}},"/home/volland/workspace/package_geoext_extjs6/packages/local/geoext3/src/data/LayerStore.js":{"b":{"1":[15,0],"10":[2,0],"11":[0,0],"12":[0,0],"13":[0,0],"14":[0,0],"15":[0,2],"16":[0,0],"17":[0,2],"18":[0,0],"19":[0,0],"2":[0,15],"20":[10,0],"21":[0,10],"22":[10,0],"23":[0,0],"24":[2,0],"25":[16,0],"26":[16,16],"27":[16,0],"28":[16,0],"3":[15,0],"4":[0,0],"5":[0,0],"6":[10,0],"7":[0,10],"8":[2,0],"9":[2,0]},"branchMap":{"1":{"line":40,"locations":[{"end":{"column":8,"line":40},"start":{"column":8,"line":40}},{"end":{"column":8,"line":40},"start":{"column":8,"line":40}}],"type":"if"},"10":{"line":160,"locations":[{"end":{"column":12,"line":160},"start":{"column":12,"line":160}},{"end":{"column":12,"line":160},"start":{"column":12,"line":160}}],"type":"if"},"11":{"line":179,"locations":[{"end":{"column":8,"line":179},"start":{"column":8,"line":179}},{"end":{"column":8,"line":179},"start":{"column":8,"line":179}}],"type":"if"},"12":{"line":180,"locations":[{"end":{"column":12,"line":180},"start":{"column":12,"line":180}},{"end":{"column":12,"line":180},"start":{"column":12,"line":180}}],"type":"if"},"13":{"line":183,"locations":[{"end":{"column":12,"line":183},"start":{"column":12,"line":183}},{"end":{"column":12,"line":183},"start":{"column":12,"line":183}}],"type":"if"},"14":{"line":192,"locations":[{"end":{"column":12,"line":192},"start":{"column":12,"line":192}},{"end":{"column":12,"line":192},"start":{"column":12,"line":192}}],"type":"if"},"15":{"line":231,"locations":[{"end":{"column":8,"line":231},"start":{"column":8,"line":231}},{"end":{"column":8,"line":231},"start":{"column":8,"line":231}}],"type":"if"},"16":{"line":237,"locations":[{"end":{"column":16,"line":237},"start":{"column":16,"line":237}},{"end":{"column":16,"line":237},"start":{"column":16,"line":237}}],"type":"if"},"17":{"line":256,"locations":[{"end":{"column":8,"line":256},"start":{"column":8,"line":256}},{"end":{"column":8,"line":256},"start":{"column":8,"line":256}}],"type":"if"},"18":{"line":261,"locations":[{"end":{"column":16,"line":261},"start":{"column":16,"line":261}},{"end":{"column":16,"line":261},"start":{"column":16,"line":261}}],"type":"if"},"19":{"line":265,"locations":[{"end":{"column":12,"line":265},"start":{"column":12,"line":265}},{"end":{"column":12,"line":265},"start":{"column":12,"line":265}}],"type":"if"},"2":{"line":54,"locations":[{"end":{"column":8,"line":54},"start":{"column":8,"line":54}},{"end":{"column":8,"line":54},"start":{"column":8,"line":54}}],"type":"if"},"20":{"line":281,"locations":[{"end":{"column":8,"line":281},"start":{"column":8,"line":281}},{"end":{"column":8,"line":281},"start":{"column":8,"line":281}}],"type":"if"},"21":{"line":282,"locations":[{"end":{"column":12,"line":282},"start":{"column":12,"line":282}},{"end":{"column":12,"line":282},"start":{"column":12,"line":282}}],"type":"if"},"22":{"line":282,"locations":[{"end":{"column":31,"line":282},"start":{"column":16,"line":282}},{"end":{"column":56,"line":282},"start":{"column":35,"line":282}}],"type":"binary-expr"},"23":{"line":285,"locations":[{"end":{"column":16,"line":285},"start":{"column":16,"line":285}},{"end":{"column":16,"line":285},"start":{"column":16,"line":285}}],"type":"if"},"24":{"line":324,"locations":[{"end":{"column":8,"line":324},"start":{"column":8,"line":324}},{"end":{"column":8,"line":324},"start":{"column":8,"line":324}}],"type":"if"},"25":{"line":348,"locations":[{"end":{"column":8,"line":348},"start":{"column":8,"line":348}},{"end":{"column":8,"line":348},"start":{"column":8,"line":348}}],"type":"if"},"26":{"line":348,"locations":[{"end":{"column":18,"line":348},"start":{"column":11,"line":348}},{"end":{"column":40,"line":348},"start":{"column":22,"line":348}}],"type":"binary-expr"},"27":{"line":400,"locations":[{"end":{"column":8,"line":400},"start":{"column":8,"line":400}},{"end":{"column":8,"line":400},"start":{"column":8,"line":400}}],"type":"if"},"28":{"line":402,"locations":[{"end":{"column":65,"line":402},"start":{"column":45,"line":402}},{"end":{"column":77,"line":402},"start":{"column":68,"line":402}}],"type":"cond-expr"},"3":{"line":58,"locations":[{"end":{"column":8,"line":58},"start":{"column":8,"line":58}},{"end":{"column":8,"line":58},"start":{"column":8,"line":58}}],"type":"if"},"4":{"line":93,"locations":[{"end":{"column":8,"line":93},"start":{"column":8,"line":93}},{"end":{"column":8,"line":93},"start":{"column":8,"line":93}}],"type":"if"},"5":{"line":93,"locations":[{"end":{"column":18,"line":93},"start":{"column":12,"line":93}},{"end":{"column":40,"line":93},"start":{"column":22,"line":93}}],"type":"binary-expr"},"6":{"line":120,"locations":[{"end":{"column":8,"line":120},"start":{"column":8,"line":120}},{"end":{"column":8,"line":120},"start":{"column":8,"line":120}}],"type":"if"},"7":{"line":122,"locations":[{"end":{"column":12,"line":122},"start":{"column":12,"line":122}},{"end":{"column":12,"line":122},"start":{"column":12,"line":122}}],"type":"if"},"8":{"line":141,"locations":[{"end":{"column":8,"line":141},"start":{"column":8,"line":141}},{"end":{"column":8,"line":141},"start":{"column":8,"line":141}}],"type":"if"},"9":{"line":157,"locations":[{"end":{"column":8,"line":157},"start":{"column":8,"line":157}},{"end":{"column":8,"line":157},"start":{"column":8,"line":157}}],"type":"if"}},"f":{"1":15,"10":0,"11":0,"12":0,"13":0,"14":2,"15":2,"16":0,"17":10,"18":0,"19":0,"2":15,"20":2,"21":2,"22":0,"23":16,"24":16,"3":16,"4":16,"5":0,"6":10,"7":11,"8":2,"9":2},"fnMap":{"1":{"line":35,"loc":{"end":{"column":34,"line":35},"start":{"column":17,"line":35}},"name":"(anonymous_1)"},"10":{"line":177,"loc":{"end":{"column":49,"line":177},"start":{"column":12,"line":177}},"name":"(anonymous_10)"},"11":{"line":185,"loc":{"end":{"column":59,"line":185},"start":{"column":43,"line":185}},"name":"(anonymous_11)"},"12":{"line":211,"loc":{"end":{"column":24,"line":211},"start":{"column":13,"line":211}},"name":"(anonymous_12)"},"13":{"line":214,"loc":{"end":{"column":51,"line":214},"start":{"column":35,"line":214}},"name":"(anonymous_13)"},"14":{"line":229,"loc":{"end":{"column":43,"line":229},"start":{"column":11,"line":229}},"name":"(anonymous_14)"},"15":{"line":254,"loc":{"end":{"column":37,"line":254},"start":{"column":14,"line":254}},"name":"(anonymous_15)"},"16":{"line":260,"loc":{"end":{"column":52,"line":260},"start":{"column":39,"line":260}},"name":"(anonymous_16)"},"17":{"line":280,"loc":{"end":{"column":54,"line":280},"start":{"column":19,"line":280}},"name":"(anonymous_17)"},"18":{"line":298,"loc":{"end":{"column":36,"line":298},"start":{"column":20,"line":298}},"name":"(anonymous_18)"},"19":{"line":310,"loc":{"end":{"column":39,"line":310},"start":{"column":15,"line":310}},"name":"(anonymous_19)"},"2":{"line":51,"loc":{"end":{"column":26,"line":51},"start":{"column":13,"line":51}},"name":"(anonymous_2)"},"20":{"line":320,"loc":{"end":{"column":32,"line":320},"start":{"column":16,"line":320}},"name":"(anonymous_20)"},"21":{"line":321,"loc":{"end":{"column":44,"line":321},"start":{"column":32,"line":321}},"name":"(anonymous_21)"},"22":{"line":334,"loc":{"end":{"column":24,"line":334},"start":{"column":13,"line":334}},"name":"(anonymous_22)"},"23":{"line":347,"loc":{"end":{"column":44,"line":347},"start":{"column":17,"line":347}},"name":"(anonymous_23)"},"24":{"line":395,"loc":{"end":{"column":40,"line":395},"start":{"column":17,"line":395}},"name":"(anonymous_24)"},"3":{"line":60,"loc":{"end":{"column":45,"line":60},"start":{"column":30,"line":60}},"name":"(anonymous_3)"},"4":{"line":64,"loc":{"end":{"column":46,"line":64},"start":{"column":30,"line":64}},"name":"(anonymous_4)"},"5":{"line":90,"loc":{"end":{"column":26,"line":90},"start":{"column":15,"line":90}},"name":"(anonymous_5)"},"6":{"line":115,"loc":{"end":{"column":33,"line":115},"start":{"column":19,"line":115}},"name":"(anonymous_6)"},"7":{"line":117,"loc":{"end":{"column":52,"line":117},"start":{"column":38,"line":117}},"name":"(anonymous_7)"},"8":{"line":136,"loc":{"end":{"column":30,"line":136},"start":{"column":16,"line":136}},"name":"(anonymous_8)"},"9":{"line":155,"loc":{"end":{"column":32,"line":155},"start":{"column":19,"line":155}},"name":"(anonymous_9)"}},"path":"/home/volland/workspace/package_geoext_extjs6/packages/local/geoext3/src/data/LayerStore.js","s":{"1":1,"10":15,"100":0,"101":0,"102":0,"103":0,"104":0,"105":10,"106":10,"107":0,"108":0,"109":0,"11":15,"110":0,"111":0,"112":0,"113":2,"114":2,"115":2,"116":2,"117":0,"118":0,"119":16,"12":16,"120":16,"121":16,"122":16,"123":16,"124":16,"125":16,"126":16,"13":15,"14":16,"15":15,"16":15,"17":15,"18":15,"19":15,"2":15,"20":0,"21":0,"22":0,"23":0,"24":0,"25":0,"26":0,"27":0,"28":0,"29":0,"3":15,"30":0,"31":10,"32":10,"33":11,"34":10,"35":10,"36":10,"37":0,"38":10,"39":2,"4":15,"40":2,"41":2,"42":2,"43":2,"44":2,"45":2,"46":2,"47":2,"48":2,"49":2,"5":15,"50":2,"51":2,"52":2,"53":2,"54":2,"55":2,"56":0,"57":0,"58":0,"59":0,"6":15,"60":0,"61":0,"62":0,"63":0,"64":0,"65":0,"66":0,"67":0,"68":0,"69":0,"7":15,"70":0,"71":0,"72":0,"73":0,"74":0,"75":0,"76":0,"77":0,"78":0,"79":0,"8":0,"80":0,"81":0,"82":2,"83":2,"84":0,"85":0,"86":0,"87":0,"88":0,"89":0,"9":15,"90":0,"91":0,"92":0,"93":2,"94":2,"95":0,"96":0,"97":0,"98":0,"99":0},"statementMap":{"1":{"end":{"column":3,"line":407},"start":{"column":0,"line":22}},"10":{"end":{"column":44,"line":59},"start":{"column":12,"line":59}},"100":{"end":{"column":33,"line":262},"start":{"column":20,"line":262}},"101":{"end":{"column":13,"line":269},"start":{"column":12,"line":265}},"102":{"end":{"column":36,"line":266},"start":{"column":16,"line":266}},"103":{"end":{"column":42,"line":267},"start":{"column":16,"line":267}},"104":{"end":{"column":36,"line":268},"start":{"column":16,"line":268}},"105":{"end":{"column":9,"line":289},"start":{"column":8,"line":281}},"106":{"end":{"column":13,"line":288},"start":{"column":12,"line":282}},"107":{"end":{"column":48,"line":283},"start":{"column":16,"line":283}},"108":{"end":{"column":48,"line":284},"start":{"column":16,"line":284}},"109":{"end":{"column":17,"line":287},"start":{"column":16,"line":285}},"11":{"end":{"column":15,"line":62},"start":{"column":12,"line":60}},"110":{"end":{"column":46,"line":286},"start":{"column":20,"line":286}},"111":{"end":{"column":57,"line":299},"start":{"column":8,"line":299}},"112":{"end":{"column":39,"line":311},"start":{"column":8,"line":311}},"113":{"end":{"column":11,"line":323},"start":{"column":8,"line":321}},"114":{"end":{"column":44,"line":322},"start":{"column":12,"line":322}},"115":{"end":{"column":9,"line":326},"start":{"column":8,"line":324}},"116":{"end":{"column":37,"line":325},"start":{"column":12,"line":325}},"117":{"end":{"column":22,"line":335},"start":{"column":8,"line":335}},"118":{"end":{"column":26,"line":336},"start":{"column":8,"line":336}},"119":{"end":{"column":9,"line":350},"start":{"column":8,"line":348}},"12":{"end":{"column":44,"line":61},"start":{"column":16,"line":61}},"120":{"end":{"column":36,"line":349},"start":{"column":12,"line":349}},"121":{"end":{"column":35,"line":351},"start":{"column":8,"line":351}},"122":{"end":{"column":37,"line":398},"start":{"column":8,"line":396}},"123":{"end":{"column":9,"line":404},"start":{"column":8,"line":400}},"124":{"end":{"column":41,"line":401},"start":{"column":12,"line":401}},"125":{"end":{"column":79,"line":402},"start":{"column":12,"line":402}},"126":{"end":{"column":52,"line":403},"start":{"column":12,"line":403}},"13":{"end":{"column":15,"line":66},"start":{"column":12,"line":64}},"14":{"end":{"column":65,"line":65},"start":{"column":16,"line":65}},"15":{"end":{"column":51,"line":67},"start":{"column":12,"line":67}},"16":{"end":{"column":57,"line":68},"start":{"column":12,"line":68}},"17":{"end":{"column":11,"line":78},"start":{"column":8,"line":71}},"18":{"end":{"column":11,"line":83},"start":{"column":8,"line":80}},"19":{"end":{"column":38,"line":84},"start":{"column":8,"line":84}},"2":{"end":{"column":22,"line":36},"start":{"column":8,"line":36}},"20":{"end":{"column":22,"line":91},"start":{"column":8,"line":91}},"21":{"end":{"column":9,"line":96},"start":{"column":8,"line":93}},"22":{"end":{"column":60,"line":94},"start":{"column":12,"line":94}},"23":{"end":{"column":66,"line":95},"start":{"column":12,"line":95}},"24":{"end":{"column":37,"line":97},"start":{"column":8,"line":97}},"25":{"end":{"column":39,"line":98},"start":{"column":8,"line":98}},"26":{"end":{"column":35,"line":99},"start":{"column":8,"line":99}},"27":{"end":{"column":41,"line":100},"start":{"column":8,"line":100}},"28":{"end":{"column":46,"line":101},"start":{"column":8,"line":101}},"29":{"end":{"column":48,"line":103},"start":{"column":8,"line":103}},"3":{"end":{"column":32,"line":38},"start":{"column":8,"line":38}},"30":{"end":{"column":22,"line":105},"start":{"column":8,"line":105}},"31":{"end":{"column":31,"line":116},"start":{"column":8,"line":116}},"32":{"end":{"column":11,"line":119},"start":{"column":8,"line":117}},"33":{"end":{"column":46,"line":118},"start":{"column":12,"line":118}},"34":{"end":{"column":9,"line":127},"start":{"column":8,"line":120}},"35":{"end":{"column":49,"line":121},"start":{"column":12,"line":121}},"36":{"end":{"column":13,"line":126},"start":{"column":12,"line":122}},"37":{"end":{"column":56,"line":123},"start":{"column":16,"line":123}},"38":{"end":{"column":77,"line":125},"start":{"column":16,"line":125}},"39":{"end":{"column":32,"line":137},"start":{"column":8,"line":137}},"4":{"end":{"column":9,"line":42},"start":{"column":8,"line":40}},"40":{"end":{"column":67,"line":138},"start":{"column":8,"line":138}},"41":{"end":{"column":22,"line":139},"start":{"column":8,"line":139}},"42":{"end":{"column":57,"line":140},"start":{"column":8,"line":140}},"43":{"end":{"column":9,"line":146},"start":{"column":8,"line":141}},"44":{"end":{"column":30,"line":142},"start":{"column":12,"line":142}},"45":{"end":{"column":53,"line":143},"start":{"column":12,"line":143}},"46":{"end":{"column":45,"line":144},"start":{"column":12,"line":144}},"47":{"end":{"column":30,"line":145},"start":{"column":12,"line":145}},"48":{"end":{"column":22,"line":156},"start":{"column":8,"line":156}},"49":{"end":{"column":9,"line":166},"start":{"column":8,"line":157}},"5":{"end":{"column":37,"line":41},"start":{"column":12,"line":41}},"50":{"end":{"column":43,"line":159},"start":{"column":12,"line":158}},"51":{"end":{"column":13,"line":165},"start":{"column":12,"line":160}},"52":{"end":{"column":36,"line":161},"start":{"column":16,"line":161}},"53":{"end":{"column":65,"line":162},"start":{"column":16,"line":162}},"54":{"end":{"column":31,"line":163},"start":{"column":16,"line":163}},"55":{"end":{"column":36,"line":164},"start":{"column":16,"line":164}},"56":{"end":{"column":26,"line":178},"start":{"column":12,"line":178}},"57":{"end":{"column":9,"line":202},"start":{"column":8,"line":179}},"58":{"end":{"column":13,"line":182},"start":{"column":12,"line":180}},"59":{"end":{"column":36,"line":181},"start":{"column":16,"line":181}},"6":{"end":{"column":22,"line":52},"start":{"column":8,"line":52}},"60":{"end":{"column":13,"line":190},"start":{"column":12,"line":183}},"61":{"end":{"column":36,"line":184},"start":{"column":16,"line":184}},"62":{"end":{"column":19,"line":187},"start":{"column":16,"line":185}},"63":{"end":{"column":69,"line":186},"start":{"column":20,"line":186}},"64":{"end":{"column":43,"line":188},"start":{"column":16,"line":188}},"65":{"end":{"column":36,"line":189},"start":{"column":16,"line":189}},"66":{"end":{"column":37,"line":191},"start":{"column":12,"line":191}},"67":{"end":{"column":13,"line":201},"start":{"column":12,"line":192}},"68":{"end":{"column":44,"line":193},"start":{"column":16,"line":193}},"69":{"end":{"column":17,"line":197},"start":{"column":16,"line":194}},"7":{"end":{"column":9,"line":56},"start":{"column":8,"line":54}},"70":{"end":{"column":56,"line":195},"start":{"column":20,"line":195}},"71":{"end":{"column":73,"line":196},"start":{"column":20,"line":196}},"72":{"end":{"column":34,"line":198},"start":{"column":16,"line":198}},"73":{"end":{"column":50,"line":199},"start":{"column":16,"line":199}},"74":{"end":{"column":34,"line":200},"start":{"column":16,"line":200}},"75":{"end":{"column":30,"line":203},"start":{"column":8,"line":203}},"76":{"end":{"column":22,"line":212},"start":{"column":8,"line":212}},"77":{"end":{"column":28,"line":213},"start":{"column":8,"line":213}},"78":{"end":{"column":11,"line":216},"start":{"column":8,"line":214}},"79":{"end":{"column":61,"line":215},"start":{"column":12,"line":215}},"8":{"end":{"column":25,"line":55},"start":{"column":12,"line":55}},"80":{"end":{"column":35,"line":217},"start":{"column":8,"line":217}},"81":{"end":{"column":28,"line":218},"start":{"column":8,"line":218}},"82":{"end":{"column":22,"line":230},"start":{"column":8,"line":230}},"83":{"end":{"column":9,"line":244},"start":{"column":8,"line":231}},"84":{"end":{"column":30,"line":232},"start":{"column":12,"line":232}},"85":{"end":{"column":22,"line":233},"start":{"column":12,"line":233}},"86":{"end":{"column":13,"line":242},"start":{"column":12,"line":234}},"87":{"end":{"column":48,"line":235},"start":{"column":16,"line":235}},"88":{"end":{"column":65,"line":236},"start":{"column":16,"line":236}},"89":{"end":{"column":17,"line":241},"start":{"column":16,"line":237}},"9":{"end":{"column":9,"line":69},"start":{"column":8,"line":58}},"90":{"end":{"column":51,"line":238},"start":{"column":20,"line":238}},"91":{"end":{"column":62,"line":240},"start":{"column":20,"line":240}},"92":{"end":{"column":30,"line":243},"start":{"column":12,"line":243}},"93":{"end":{"column":22,"line":255},"start":{"column":8,"line":255}},"94":{"end":{"column":9,"line":270},"start":{"column":8,"line":256}},"95":{"end":{"column":44,"line":257},"start":{"column":12,"line":257}},"96":{"end":{"column":61,"line":258},"start":{"column":12,"line":258}},"97":{"end":{"column":30,"line":259},"start":{"column":12,"line":259}},"98":{"end":{"column":15,"line":264},"start":{"column":12,"line":260}},"99":{"end":{"column":17,"line":263},"start":{"column":16,"line":261}}}},"/home/volland/workspace/package_geoext_extjs6/packages/local/geoext3/src/data/MapfishPrintProvider.js":{"b":{"1":[1,1],"2":[0,1],"3":[0,8],"4":[9,3],"5":[5,3],"6":[3,0]},"branchMap":{"1":{"line":46,"locations":[{"end":{"column":16,"line":46},"start":{"column":16,"line":46}},{"end":{"column":16,"line":46},"start":{"column":16,"line":46}}],"type":"if"},"2":{"line":81,"locations":[{"end":{"column":12,"line":81},"start":{"column":12,"line":81}},{"end":{"column":12,"line":81},"start":{"column":12,"line":81}}],"type":"if"},"3":{"line":109,"locations":[{"end":{"column":8,"line":109},"start":{"column":8,"line":109}},{"end":{"column":8,"line":109},"start":{"column":8,"line":109}}],"type":"if"},"4":{"line":109,"locations":[{"end":{"column":29,"line":109},"start":{"column":12,"line":109}},{"end":{"column":41,"line":109},"start":{"column":33,"line":109}}],"type":"binary-expr"},"5":{"line":129,"locations":[{"end":{"column":8,"line":129},"start":{"column":8,"line":129}},{"end":{"column":8,"line":129},"start":{"column":8,"line":129}}],"type":"if"},"6":{"line":138,"locations":[{"end":{"column":15,"line":138},"start":{"column":15,"line":138}},{"end":{"column":15,"line":138},"start":{"column":15,"line":138}}],"type":"if"}},"f":{"1":1,"2":2,"3":1,"4":9,"5":8,"6":8},"fnMap":{"1":{"line":41,"loc":{"end":{"column":49,"line":41},"start":{"column":29,"line":41}},"name":"(anonymous_1)"},"2":{"line":43,"loc":{"end":{"column":47,"line":43},"start":{"column":28,"line":43}},"name":"(anonymous_2)"},"3":{"line":70,"loc":{"end":{"column":74,"line":70},"start":{"column":27,"line":70}},"name":"(anonymous_3)"},"4":{"line":107,"loc":{"end":{"column":30,"line":107},"start":{"column":17,"line":107}},"name":"(anonymous_4)"},"5":{"line":120,"loc":{"end":{"column":33,"line":120},"start":{"column":23,"line":120}},"name":"(anonymous_5)"},"6":{"line":125,"loc":{"end":{"column":47,"line":125},"start":{"column":37,"line":125}},"name":"(anonymous_6)"}},"path":"/home/volland/workspace/package_geoext_extjs6/packages/local/geoext3/src/data/MapfishPrintProvider.js","s":{"1":1,"10":1,"11":1,"12":1,"13":1,"14":1,"15":1,"16":1,"17":1,"18":1,"19":1,"2":1,"20":0,"21":0,"22":1,"23":1,"24":1,"25":1,"26":1,"27":1,"28":9,"29":9,"3":1,"30":0,"31":8,"32":8,"33":8,"34":8,"35":8,"36":8,"37":8,"38":8,"39":8,"4":2,"40":5,"41":5,"42":3,"43":3,"5":2,"6":2,"7":1,"8":1,"9":1},"statementMap":{"1":{"end":{"column":3,"line":154},"start":{"column":0,"line":20}},"10":{"end":{"column":60,"line":71},"start":{"column":12,"line":71}},"11":{"end":{"column":62,"line":72},"start":{"column":12,"line":72}},"12":{"end":{"column":73,"line":73},"start":{"column":12,"line":73}},"13":{"end":{"column":34,"line":74},"start":{"column":12,"line":74}},"14":{"end":{"column":73,"line":75},"start":{"column":12,"line":75}},"15":{"end":{"column":28,"line":76},"start":{"column":12,"line":76}},"16":{"end":{"column":29,"line":77},"start":{"column":12,"line":77}},"17":{"end":{"column":27,"line":78},"start":{"column":12,"line":78}},"18":{"end":{"column":21,"line":79},"start":{"column":12,"line":79}},"19":{"end":{"column":13,"line":87},"start":{"column":12,"line":81}},"2":{"end":{"column":38,"line":42},"start":{"column":12,"line":42}},"20":{"end":{"column":62,"line":82},"start":{"column":16,"line":82}},"21":{"end":{"column":63,"line":83},"start":{"column":16,"line":83}},"22":{"end":{"column":64,"line":85},"start":{"column":16,"line":85}},"23":{"end":{"column":63,"line":86},"start":{"column":16,"line":86}},"24":{"end":{"column":15,"line":92},"start":{"column":12,"line":89}},"25":{"end":{"column":74,"line":93},"start":{"column":12,"line":93}},"26":{"end":{"column":53,"line":94},"start":{"column":12,"line":94}},"27":{"end":{"column":24,"line":95},"start":{"column":12,"line":95}},"28":{"end":{"column":59,"line":108},"start":{"column":8,"line":108}},"29":{"end":{"column":9,"line":111},"start":{"column":8,"line":109}},"3":{"end":{"column":15,"line":61},"start":{"column":12,"line":43}},"30":{"end":{"column":66,"line":110},"start":{"column":12,"line":110}},"31":{"end":{"column":29,"line":112},"start":{"column":8,"line":112}},"32":{"end":{"column":33,"line":113},"start":{"column":8,"line":113}},"33":{"end":{"column":18,"line":122},"start":{"column":8,"line":122}},"34":{"end":{"column":50,"line":123},"start":{"column":8,"line":123}},"35":{"end":{"column":32,"line":124},"start":{"column":8,"line":124}},"36":{"end":{"column":10,"line":128},"start":{"column":8,"line":125}},"37":{"end":{"column":48,"line":126},"start":{"column":12,"line":126}},"38":{"end":{"column":42,"line":127},"start":{"column":12,"line":127}},"39":{"end":{"column":9,"line":152},"start":{"column":8,"line":129}},"4":{"end":{"column":50,"line":44},"start":{"column":16,"line":44}},"40":{"end":{"column":15,"line":136},"start":{"column":12,"line":130}},"41":{"end":{"column":44,"line":137},"start":{"column":12,"line":137}},"42":{"end":{"column":9,"line":152},"start":{"column":15,"line":138}},"43":{"end":{"column":15,"line":151},"start":{"column":12,"line":139}},"5":{"end":{"column":47,"line":45},"start":{"column":16,"line":45}},"6":{"end":{"column":17,"line":60},"start":{"column":16,"line":46}},"7":{"end":{"column":22,"line":56},"start":{"column":20,"line":47}},"8":{"end":{"column":54,"line":57},"start":{"column":20,"line":57}},"9":{"end":{"column":36,"line":62},"start":{"column":12,"line":62}}}},"/home/volland/workspace/package_geoext_extjs6/packages/local/geoext3/src/data/TreeStore.js":{"b":{"1":[10,0],"2":[3,7],"3":[4,0],"4":[1,3],"5":[2,0],"6":[0,0]},"branchMap":{"1":{"line":73,"locations":[{"end":{"column":54,"line":73},"start":{"column":51,"line":73}},{"end":{"column":65,"line":73},"start":{"column":57,"line":73}}],"type":"cond-expr"},"2":{"line":75,"locations":[{"end":{"column":8,"line":75},"start":{"column":8,"line":75}},{"end":{"column":8,"line":75},"start":{"column":8,"line":75}}],"type":"if"},"3":{"line":97,"locations":[{"end":{"column":8,"line":97},"start":{"column":8,"line":97}},{"end":{"column":8,"line":97},"start":{"column":8,"line":97}}],"type":"if"},"4":{"line":98,"locations":[{"end":{"column":12,"line":98},"start":{"column":12,"line":98}},{"end":{"column":12,"line":98},"start":{"column":12,"line":98}}],"type":"if"},"5":{"line":121,"locations":[{"end":{"column":8,"line":121},"start":{"column":8,"line":121}},{"end":{"column":8,"line":121},"start":{"column":8,"line":121}}],"type":"if"},"6":{"line":125,"locations":[{"end":{"column":8,"line":125},"start":{"column":8,"line":125}},{"end":{"column":8,"line":125},"start":{"column":8,"line":125}}],"type":"if"}},"f":{"1":5,"2":10,"3":4,"4":4,"5":3,"6":2,"7":2},"fnMap":{"1":{"line":57,"loc":{"end":{"column":27,"line":57},"start":{"column":17,"line":57}},"name":"(anonymous_1)"},"2":{"line":71,"loc":{"end":{"column":37,"line":71},"start":{"column":18,"line":71}},"name":"(anonymous_2)"},"3":{"line":79,"loc":{"end":{"column":58,"line":79},"start":{"column":38,"line":79}},"name":"(anonymous_3)"},"4":{"line":95,"loc":{"end":{"column":42,"line":95},"start":{"column":28,"line":95}},"name":"(anonymous_4)"},"5":{"line":104,"loc":{"end":{"column":50,"line":104},"start":{"column":35,"line":104}},"name":"(anonymous_5)"},"6":{"line":119,"loc":{"end":{"column":55,"line":119},"start":{"column":22,"line":119}},"name":"(anonymous_6)"},"7":{"line":137,"loc":{"end":{"column":40,"line":137},"start":{"column":30,"line":137}},"name":"(anonymous_7)"}},"path":"/home/volland/workspace/package_geoext_extjs6/packages/local/geoext3/src/data/TreeStore.js","s":{"1":1,"10":3,"11":3,"12":4,"13":7,"14":7,"15":4,"16":4,"17":4,"18":1,"19":3,"2":5,"20":3,"21":3,"22":3,"23":3,"24":2,"25":2,"26":2,"27":0,"28":0,"29":0,"3":5,"30":0,"31":0,"32":2,"33":2,"4":5,"5":5,"6":10,"7":10,"8":3,"9":3},"statementMap":{"1":{"end":{"column":3,"line":141},"start":{"column":0,"line":21}},"10":{"end":{"column":53,"line":78},"start":{"column":12,"line":78}},"11":{"end":{"column":15,"line":81},"start":{"column":12,"line":79}},"12":{"end":{"column":56,"line":80},"start":{"column":16,"line":80}},"13":{"end":{"column":57,"line":83},"start":{"column":12,"line":83}},"14":{"end":{"column":36,"line":84},"start":{"column":12,"line":84}},"15":{"end":{"column":22,"line":96},"start":{"column":8,"line":96}},"16":{"end":{"column":9,"line":108},"start":{"column":8,"line":97}},"17":{"end":{"column":13,"line":107},"start":{"column":12,"line":98}},"18":{"end":{"column":53,"line":99},"start":{"column":16,"line":99}},"19":{"end":{"column":59,"line":101},"start":{"column":16,"line":101}},"2":{"end":{"column":22,"line":58},"start":{"column":8,"line":58}},"20":{"end":{"column":75,"line":102},"start":{"column":16,"line":102}},"21":{"end":{"column":72,"line":103},"start":{"column":16,"line":103}},"22":{"end":{"column":19,"line":106},"start":{"column":16,"line":104}},"23":{"end":{"column":49,"line":105},"start":{"column":20,"line":105}},"24":{"end":{"column":22,"line":120},"start":{"column":8,"line":120}},"25":{"end":{"column":9,"line":123},"start":{"column":8,"line":121}},"26":{"end":{"column":19,"line":122},"start":{"column":12,"line":122}},"27":{"end":{"column":45,"line":124},"start":{"column":8,"line":124}},"28":{"end":{"column":9,"line":129},"start":{"column":8,"line":125}},"29":{"end":{"column":47,"line":126},"start":{"column":12,"line":126}},"3":{"end":{"column":33,"line":59},"start":{"column":8,"line":59}},"30":{"end":{"column":66,"line":127},"start":{"column":12,"line":127}},"31":{"end":{"column":69,"line":128},"start":{"column":12,"line":128}},"32":{"end":{"column":39,"line":138},"start":{"column":8,"line":138}},"33":{"end":{"column":68,"line":139},"start":{"column":8,"line":139}},"4":{"end":{"column":65,"line":60},"start":{"column":8,"line":60}},"5":{"end":{"column":53,"line":61},"start":{"column":8,"line":61}},"6":{"end":{"column":66,"line":73},"start":{"column":8,"line":72}},"7":{"end":{"column":9,"line":85},"start":{"column":8,"line":75}},"8":{"end":{"column":79,"line":76},"start":{"column":12,"line":76}},"9":{"end":{"column":82,"line":77},"start":{"column":12,"line":77}}}},"/home/volland/workspace/package_geoext_extjs6/packages/local/geoext3/src/data/model/Base.js":{"b":{},"branchMap":{},"f":{},"fnMap":{},"path":"/home/volland/workspace/package_geoext_extjs6/packages/local/geoext3/src/data/model/Base.js","s":{"1":1},"statementMap":{"1":{"end":{"column":3,"line":25},"start":{"column":0,"line":16}}}},"/home/volland/workspace/package_geoext_extjs6/packages/local/geoext3/src/data/model/Layer.js":{"b":{"1":[35,13],"2":[2,46],"3":[48,41],"4":[35,13],"5":[35,13],"6":[35,13],"7":[182,17]},"branchMap":{"1":{"line":44,"locations":[{"end":{"column":16,"line":44},"start":{"column":16,"line":44}},{"end":{"column":16,"line":44},"start":{"column":16,"line":44}}],"type":"if"},"2":{"line":53,"locations":[{"end":{"column":16,"line":53},"start":{"column":16,"line":53}},{"end":{"column":16,"line":53},"start":{"column":16,"line":53}}],"type":"if"},"3":{"line":53,"locations":[{"end":{"column":22,"line":53},"start":{"column":20,"line":53}},{"end":{"column":52,"line":53},"start":{"column":26,"line":53}}],"type":"binary-expr"},"4":{"line":66,"locations":[{"end":{"column":16,"line":66},"start":{"column":16,"line":66}},{"end":{"column":16,"line":66},"start":{"column":16,"line":66}}],"type":"if"},"5":{"line":78,"locations":[{"end":{"column":16,"line":78},"start":{"column":16,"line":78}},{"end":{"column":16,"line":78},"start":{"column":16,"line":78}}],"type":"if"},"6":{"line":90,"locations":[{"end":{"column":16,"line":90},"start":{"column":16,"line":90}},{"end":{"column":16,"line":90},"start":{"column":16,"line":90}}],"type":"if"},"7":{"line":111,"locations":[{"end":{"column":8,"line":111},"start":{"column":8,"line":111}},{"end":{"column":8,"line":111},"start":{"column":8,"line":111}}],"type":"if"}},"f":{"1":0,"2":48,"3":48,"4":48,"5":48,"6":48,"7":199},"fnMap":{"1":{"line":33,"loc":{"end":{"column":41,"line":33},"start":{"column":25,"line":33}},"name":"(anonymous_1)"},"2":{"line":41,"loc":{"end":{"column":41,"line":41},"start":{"column":21,"line":41}},"name":"(anonymous_2)"},"3":{"line":52,"loc":{"end":{"column":41,"line":52},"start":{"column":21,"line":52}},"name":"(anonymous_3)"},"4":{"line":63,"loc":{"end":{"column":41,"line":63},"start":{"column":21,"line":63}},"name":"(anonymous_4)"},"5":{"line":75,"loc":{"end":{"column":40,"line":75},"start":{"column":21,"line":75}},"name":"(anonymous_5)"},"6":{"line":87,"loc":{"end":{"column":40,"line":87},"start":{"column":21,"line":87}},"name":"(anonymous_6)"},"7":{"line":110,"loc":{"end":{"column":27,"line":110},"start":{"column":16,"line":110}},"name":"(anonymous_7)"}},"path":"/home/volland/workspace/package_geoext_extjs6/packages/local/geoext3/src/data/model/Layer.js","s":{"1":1,"10":48,"11":35,"12":35,"13":48,"14":48,"15":35,"16":35,"17":48,"18":48,"19":35,"2":0,"20":35,"21":199,"22":182,"3":48,"4":48,"5":35,"6":48,"7":2,"8":46,"9":48},"statementMap":{"1":{"end":{"column":3,"line":115},"start":{"column":0,"line":21}},"10":{"end":{"column":17,"line":69},"start":{"column":16,"line":66}},"11":{"end":{"column":48,"line":67},"start":{"column":20,"line":67}},"12":{"end":{"column":48,"line":68},"start":{"column":20,"line":68}},"13":{"end":{"column":26,"line":76},"start":{"column":16,"line":76}},"14":{"end":{"column":17,"line":81},"start":{"column":16,"line":78}},"15":{"end":{"column":48,"line":79},"start":{"column":20,"line":79}},"16":{"end":{"column":54,"line":80},"start":{"column":20,"line":80}},"17":{"end":{"column":26,"line":88},"start":{"column":16,"line":88}},"18":{"end":{"column":17,"line":93},"start":{"column":16,"line":90}},"19":{"end":{"column":48,"line":91},"start":{"column":20,"line":91}},"2":{"end":{"column":79,"line":34},"start":{"column":12,"line":34}},"20":{"end":{"column":54,"line":92},"start":{"column":20,"line":92}},"21":{"end":{"column":9,"line":113},"start":{"column":8,"line":111}},"22":{"end":{"column":29,"line":112},"start":{"column":12,"line":112}},"3":{"end":{"column":48,"line":42},"start":{"column":16,"line":42}},"4":{"end":{"column":17,"line":46},"start":{"column":16,"line":44}},"5":{"end":{"column":61,"line":45},"start":{"column":20,"line":45}},"6":{"end":{"column":17,"line":57},"start":{"column":16,"line":53}},"7":{"end":{"column":44,"line":54},"start":{"column":20,"line":54}},"8":{"end":{"column":29,"line":56},"start":{"column":20,"line":56}},"9":{"end":{"column":26,"line":64},"start":{"column":16,"line":64}}}},"/home/volland/workspace/package_geoext_extjs6/packages/local/geoext3/src/data/model/LayerTreeNode.js":{"b":{"1":[7,7],"2":[14,10],"3":[10,4],"4":[4,4],"5":[14,14]},"branchMap":{"1":{"line":22,"locations":[{"end":{"column":16,"line":22},"start":{"column":16,"line":22}},{"end":{"column":16,"line":22},"start":{"column":16,"line":22}}],"type":"if"},"2":{"line":22,"locations":[{"end":{"column":41,"line":22},"start":{"column":20,"line":22}},{"end":{"column":52,"line":22},"start":{"column":45,"line":22}}],"type":"binary-expr"},"3":{"line":44,"locations":[{"end":{"column":8,"line":44},"start":{"column":8,"line":44}},{"end":{"column":8,"line":44},"start":{"column":8,"line":44}}],"type":"if"},"4":{"line":53,"locations":[{"end":{"column":8,"line":53},"start":{"column":8,"line":53}},{"end":{"column":8,"line":53},"start":{"column":8,"line":53}}],"type":"if"},"5":{"line":72,"locations":[{"end":{"column":8,"line":72},"start":{"column":8,"line":72}},{"end":{"column":8,"line":72},"start":{"column":8,"line":72}}],"type":"if"}},"f":{"1":14,"2":14,"3":8,"4":28,"5":0,"6":0,"7":1},"fnMap":{"1":{"line":20,"loc":{"end":{"column":41,"line":20},"start":{"column":21,"line":20}},"name":"(anonymous_1)"},"2":{"line":38,"loc":{"end":{"column":28,"line":38},"start":{"column":17,"line":38}},"name":"(anonymous_2)"},"3":{"line":50,"loc":{"end":{"column":40,"line":50},"start":{"column":26,"line":50}},"name":"(anonymous_3)"},"4":{"line":68,"loc":{"end":{"column":33,"line":68},"start":{"column":9,"line":68}},"name":"(anonymous_4)"},"5":{"line":82,"loc":{"end":{"column":28,"line":82},"start":{"column":17,"line":82}},"name":"(anonymous_5)"},"6":{"line":89,"loc":{"end":{"column":28,"line":89},"start":{"column":17,"line":89}},"name":"(anonymous_6)"},"7":{"line":93,"loc":{"end":{"column":15,"line":93},"start":{"column":3,"line":93}},"name":"(anonymous_7)"}},"path":"/home/volland/workspace/package_geoext_extjs6/packages/local/geoext3/src/data/model/LayerTreeNode.js","s":{"1":1,"10":10,"11":10,"12":8,"13":8,"14":4,"15":28,"16":28,"17":14,"18":14,"19":14,"2":14,"20":0,"21":0,"22":1,"3":14,"4":7,"5":7,"6":14,"7":14,"8":14,"9":14},"statementMap":{"1":{"end":{"column":3,"line":96},"start":{"column":0,"line":6}},"10":{"end":{"column":54,"line":45},"start":{"column":12,"line":45}},"11":{"end":{"column":72,"line":46},"start":{"column":12,"line":46}},"12":{"end":{"column":32,"line":51},"start":{"column":8,"line":51}},"13":{"end":{"column":9,"line":55},"start":{"column":8,"line":53}},"14":{"end":{"column":55,"line":54},"start":{"column":12,"line":54}},"15":{"end":{"column":35,"line":69},"start":{"column":8,"line":69}},"16":{"end":{"column":9,"line":76},"start":{"column":8,"line":72}},"17":{"end":{"column":35,"line":73},"start":{"column":12,"line":73}},"18":{"end":{"column":55,"line":74},"start":{"column":12,"line":74}},"19":{"end":{"column":36,"line":75},"start":{"column":12,"line":75}},"2":{"end":{"column":57,"line":21},"start":{"column":16,"line":21}},"20":{"end":{"column":31,"line":83},"start":{"column":8,"line":83}},"21":{"end":{"column":31,"line":90},"start":{"column":8,"line":90}},"22":{"end":{"column":42,"line":95},"start":{"column":4,"line":95}},"3":{"end":{"column":17,"line":26},"start":{"column":16,"line":22}},"4":{"end":{"column":33,"line":23},"start":{"column":20,"line":23}},"5":{"end":{"column":32,"line":25},"start":{"column":20,"line":25}},"6":{"end":{"column":18,"line":39},"start":{"column":8,"line":39}},"7":{"end":{"column":35,"line":41},"start":{"column":8,"line":41}},"8":{"end":{"column":34,"line":43},"start":{"column":8,"line":43}},"9":{"end":{"column":9,"line":47},"start":{"column":8,"line":44}}}},"/home/volland/workspace/package_geoext_extjs6/packages/local/geoext3/src/data/model/Object.js":{"b":{"1":[36,0],"2":[36,0],"3":[36,0],"4":[17,19],"5":[6,8],"6":[8,0]},"branchMap":{"1":{"line":33,"locations":[{"end":{"column":12,"line":33},"start":{"column":12,"line":33}},{"end":{"column":12,"line":33},"start":{"column":12,"line":33}}],"type":"if"},"2":{"line":36,"locations":[{"end":{"column":16,"line":36},"start":{"column":16,"line":36}},{"end":{"column":16,"line":36},"start":{"column":16,"line":36}}],"type":"if"},"3":{"line":76,"locations":[{"end":{"column":19,"line":76},"start":{"column":15,"line":76}},{"end":{"column":25,"line":76},"start":{"column":23,"line":76}}],"type":"binary-expr"},"4":{"line":79,"locations":[{"end":{"column":8,"line":79},"start":{"column":8,"line":79}},{"end":{"column":8,"line":79},"start":{"column":8,"line":79}}],"type":"if"},"5":{"line":103,"locations":[{"end":{"column":8,"line":103},"start":{"column":8,"line":103}},{"end":{"column":8,"line":103},"start":{"column":8,"line":103}}],"type":"if"},"6":{"line":127,"locations":[{"end":{"column":8,"line":127},"start":{"column":8,"line":127}},{"end":{"column":8,"line":127},"start":{"column":8,"line":127}}],"type":"if"}},"f":{"1":36,"2":36,"3":36,"4":14,"5":8,"6":8,"7":0},"fnMap":{"1":{"line":29,"loc":{"end":{"column":37,"line":29},"start":{"column":23,"line":29}},"name":"(anonymous_1)"},"2":{"line":40,"loc":{"end":{"column":57,"line":40},"start":{"column":40,"line":40}},"name":"(anonymous_2)"},"3":{"line":71,"loc":{"end":{"column":32,"line":71},"start":{"column":17,"line":71}},"name":"(anonymous_3)"},"4":{"line":99,"loc":{"end":{"column":36,"line":99},"start":{"column":22,"line":99}},"name":"(anonymous_4)"},"5":{"line":118,"loc":{"end":{"column":33,"line":118},"start":{"column":9,"line":118}},"name":"(anonymous_5)"},"6":{"line":134,"loc":{"end":{"column":42,"line":134},"start":{"column":27,"line":134}},"name":"(anonymous_6)"},"7":{"line":146,"loc":{"end":{"column":24,"line":146},"start":{"column":13,"line":146}},"name":"(anonymous_7)"}},"path":"/home/volland/workspace/package_geoext_extjs6/packages/local/geoext3/src/data/model/Object.js","s":{"1":1,"10":36,"11":36,"12":36,"13":17,"14":36,"15":36,"16":36,"17":14,"18":14,"19":6,"2":36,"20":8,"21":8,"22":8,"23":8,"24":8,"25":0,"26":8,"27":8,"28":8,"29":0,"3":36,"30":0,"4":36,"5":36,"6":36,"7":36,"8":36,"9":36},"statementMap":{"1":{"end":{"column":3,"line":151},"start":{"column":0,"line":19}},"10":{"end":{"column":58,"line":74},"start":{"column":8,"line":72}},"11":{"end":{"column":26,"line":76},"start":{"column":8,"line":76}},"12":{"end":{"column":9,"line":81},"start":{"column":8,"line":79}},"13":{"end":{"column":37,"line":80},"start":{"column":12,"line":80}},"14":{"end":{"column":27,"line":83},"start":{"column":8,"line":83}},"15":{"end":{"column":55,"line":86},"start":{"column":8,"line":86}},"16":{"end":{"column":66,"line":88},"start":{"column":8,"line":88}},"17":{"end":{"column":26,"line":101},"start":{"column":8,"line":100}},"18":{"end":{"column":9,"line":105},"start":{"column":8,"line":103}},"19":{"end":{"column":43,"line":104},"start":{"column":12,"line":104}},"2":{"end":{"column":24,"line":31},"start":{"column":12,"line":30}},"20":{"end":{"column":19,"line":119},"start":{"column":8,"line":119}},"21":{"end":{"column":35,"line":121},"start":{"column":8,"line":121}},"22":{"end":{"column":31,"line":124},"start":{"column":8,"line":124}},"23":{"end":{"column":9,"line":131},"start":{"column":8,"line":127}},"24":{"end":{"column":30,"line":128},"start":{"column":12,"line":128}},"25":{"end":{"column":20,"line":130},"start":{"column":12,"line":130}},"26":{"end":{"column":17,"line":136},"start":{"column":8,"line":134}},"27":{"end":{"column":36,"line":135},"start":{"column":12,"line":135}},"28":{"end":{"column":32,"line":138},"start":{"column":8,"line":138}},"29":{"end":{"column":72,"line":147},"start":{"column":8,"line":147}},"3":{"end":{"column":13,"line":43},"start":{"column":12,"line":33}},"30":{"end":{"column":35,"line":149},"start":{"column":8,"line":149}},"4":{"end":{"column":41,"line":34},"start":{"column":16,"line":34}},"5":{"end":{"column":17,"line":38},"start":{"column":16,"line":36}},"6":{"end":{"column":36,"line":37},"start":{"column":20,"line":37}},"7":{"end":{"column":19,"line":42},"start":{"column":16,"line":40}},"8":{"end":{"column":38,"line":41},"start":{"column":20,"line":41}},"9":{"end":{"column":23,"line":45},"start":{"column":12,"line":45}}}},"/home/volland/workspace/package_geoext_extjs6/packages/local/geoext3/src/data/model/print/Capability.js":{"b":{},"branchMap":{},"f":{},"fnMap":{},"path":"/home/volland/workspace/package_geoext_extjs6/packages/local/geoext3/src/data/model/print/Capability.js","s":{"1":1},"statementMap":{"1":{"end":{"column":3,"line":37},"start":{"column":0,"line":16}}}},"/home/volland/workspace/package_geoext_extjs6/packages/local/geoext3/src/data/model/print/Layout.js":{"b":{},"branchMap":{},"f":{},"fnMap":{},"path":"/home/volland/workspace/package_geoext_extjs6/packages/local/geoext3/src/data/model/print/Layout.js","s":{"1":1},"statementMap":{"1":{"end":{"column":3,"line":34},"start":{"column":0,"line":16}}}},"/home/volland/workspace/package_geoext_extjs6/packages/local/geoext3/src/data/model/print/LayoutAttributes.js":{"b":{},"branchMap":{},"f":{},"fnMap":{},"path":"/home/volland/workspace/package_geoext_extjs6/packages/local/geoext3/src/data/model/print/LayoutAttributes.js","s":{"1":1},"statementMap":{"1":{"end":{"column":3,"line":32},"start":{"column":0,"line":16}}}},"/home/volland/workspace/package_geoext_extjs6/packages/local/geoext3/src/data/store/Collection.js":{"b":{"1":[7,1],"2":[6,1],"3":[1,1],"4":[4,10],"5":[1,5],"6":[1,0]},"branchMap":{"1":{"line":77,"locations":[{"end":{"column":23,"line":77},"start":{"column":17,"line":77}},{"end":{"column":29,"line":77},"start":{"column":27,"line":77}}],"type":"binary-expr"},"2":{"line":80,"locations":[{"end":{"column":8,"line":80},"start":{"column":8,"line":80}},{"end":{"column":8,"line":80},"start":{"column":8,"line":80}}],"type":"if"},"3":{"line":84,"locations":[{"end":{"column":61,"line":84},"start":{"column":50,"line":84}},{"end":{"column":67,"line":84},"start":{"column":65,"line":84}}],"type":"binary-expr"},"4":{"line":105,"locations":[{"end":{"column":8,"line":105},"start":{"column":8,"line":105}},{"end":{"column":8,"line":105},"start":{"column":8,"line":105}}],"type":"if"},"5":{"line":120,"locations":[{"end":{"column":8,"line":120},"start":{"column":8,"line":120}},{"end":{"column":8,"line":120},"start":{"column":8,"line":120}}],"type":"if"},"6":{"line":121,"locations":[{"end":{"column":12,"line":121},"start":{"column":12,"line":121}},{"end":{"column":12,"line":121},"start":{"column":12,"line":121}}],"type":"if"}},"f":{"1":7,"2":3,"3":7,"4":14,"5":6,"6":4,"7":0},"fnMap":{"1":{"line":46,"loc":{"end":{"column":45,"line":46},"start":{"column":13,"line":46}},"name":"(anonymous_1)"},"2":{"line":63,"loc":{"end":{"column":48,"line":63},"start":{"column":16,"line":63}},"name":"(anonymous_2)"},"3":{"line":76,"loc":{"end":{"column":34,"line":76},"start":{"column":17,"line":76}},"name":"(anonymous_3)"},"4":{"line":100,"loc":{"end":{"column":37,"line":100},"start":{"column":23,"line":100}},"name":"(anonymous_4)"},"5":{"line":114,"loc":{"end":{"column":40,"line":114},"start":{"column":26,"line":114}},"name":"(anonymous_5)"},"6":{"line":116,"loc":{"end":{"column":44,"line":116},"start":{"column":30,"line":116}},"name":"(anonymous_6)"},"7":{"line":130,"loc":{"end":{"column":24,"line":130},"start":{"column":13,"line":130}},"name":"(anonymous_7)"}},"path":"/home/volland/workspace/package_geoext_extjs6/packages/local/geoext3/src/data/store/Collection.js","s":{"1":1,"10":5,"11":3,"12":7,"13":7,"14":6,"15":1,"16":7,"17":7,"18":7,"19":7,"2":7,"20":7,"21":14,"22":14,"23":4,"24":6,"25":4,"26":6,"27":1,"28":1,"29":0,"3":7,"30":0,"31":0,"32":0,"4":7,"5":10,"6":7,"7":3,"8":3,"9":3},"statementMap":{"1":{"end":{"column":3,"line":138},"start":{"column":0,"line":19}},"10":{"end":{"column":37,"line":70},"start":{"column":16,"line":70}},"11":{"end":{"column":37,"line":72},"start":{"column":12,"line":72}},"12":{"end":{"column":30,"line":77},"start":{"column":8,"line":77}},"13":{"end":{"column":9,"line":85},"start":{"column":8,"line":80}},"14":{"end":{"column":44,"line":81},"start":{"column":12,"line":81}},"15":{"end":{"column":69,"line":84},"start":{"column":12,"line":84}},"16":{"end":{"column":27,"line":86},"start":{"column":8,"line":86}},"17":{"end":{"column":51,"line":88},"start":{"column":8,"line":88}},"18":{"end":{"column":34,"line":90},"start":{"column":8,"line":90}},"19":{"end":{"column":66,"line":92},"start":{"column":8,"line":92}},"2":{"end":{"column":18,"line":49},"start":{"column":12,"line":47}},"20":{"end":{"column":72,"line":93},"start":{"column":8,"line":93}},"21":{"end":{"column":64,"line":103},"start":{"column":8,"line":101}},"22":{"end":{"column":9,"line":107},"start":{"column":8,"line":105}},"23":{"end":{"column":38,"line":106},"start":{"column":12,"line":106}},"24":{"end":{"column":15,"line":118},"start":{"column":8,"line":115}},"25":{"end":{"column":48,"line":117},"start":{"column":16,"line":117}},"26":{"end":{"column":9,"line":124},"start":{"column":8,"line":120}},"27":{"end":{"column":13,"line":123},"start":{"column":12,"line":121}},"28":{"end":{"column":35,"line":122},"start":{"column":16,"line":122}},"29":{"end":{"column":64,"line":131},"start":{"column":8,"line":131}},"3":{"end":{"column":36,"line":51},"start":{"column":12,"line":51}},"30":{"end":{"column":70,"line":132},"start":{"column":8,"line":132}},"31":{"end":{"column":33,"line":134},"start":{"column":8,"line":134}},"32":{"end":{"column":35,"line":136},"start":{"column":8,"line":136}},"4":{"end":{"column":13,"line":54},"start":{"column":12,"line":52}},"5":{"end":{"column":62,"line":53},"start":{"column":16,"line":53}},"6":{"end":{"column":37,"line":55},"start":{"column":12,"line":55}},"7":{"end":{"column":18,"line":66},"start":{"column":12,"line":64}},"8":{"end":{"column":36,"line":68},"start":{"column":12,"line":68}},"9":{"end":{"column":13,"line":71},"start":{"column":12,"line":69}}}},"/home/volland/workspace/package_geoext_extjs6/packages/local/geoext3/src/panel/Popup.js":{"b":{"1":[1,1],"2":[1,0],"3":[0,0],"4":[0,0],"5":[0,0]},"branchMap":{"1":{"line":60,"locations":[{"end":{"column":24,"line":60},"start":{"column":18,"line":60}},{"end":{"column":30,"line":60},"start":{"column":28,"line":60}}],"type":"binary-expr"},"2":{"line":63,"locations":[{"end":{"column":8,"line":63},"start":{"column":8,"line":63}},{"end":{"column":8,"line":63},"start":{"column":8,"line":63}}],"type":"if"},"3":{"line":66,"locations":[{"end":{"column":8,"line":66},"start":{"column":8,"line":66}},{"end":{"column":8,"line":66},"start":{"column":8,"line":66}}],"type":"if"},"4":{"line":137,"locations":[{"end":{"column":8,"line":137},"start":{"column":8,"line":137}},{"end":{"column":8,"line":137},"start":{"column":8,"line":137}}],"type":"if"},"5":{"line":137,"locations":[{"end":{"column":36,"line":137},"start":{"column":12,"line":137}},{"end":{"column":57,"line":137},"start":{"column":40,"line":137}}],"type":"binary-expr"}},"f":{"1":1,"2":0,"3":0,"4":0,"5":0,"6":0},"fnMap":{"1":{"line":58,"loc":{"end":{"column":34,"line":58},"start":{"column":17,"line":58}},"name":"(anonymous_1)"},"2":{"line":85,"loc":{"end":{"column":30,"line":85},"start":{"column":19,"line":85}},"name":"(anonymous_2)"},"3":{"line":99,"loc":{"end":{"column":28,"line":99},"start":{"column":18,"line":99}},"name":"(anonymous_3)"},"4":{"line":119,"loc":{"end":{"column":34,"line":119},"start":{"column":23,"line":119}},"name":"(anonymous_4)"},"5":{"line":127,"loc":{"end":{"column":35,"line":127},"start":{"column":14,"line":127}},"name":"(anonymous_5)"},"6":{"line":135,"loc":{"end":{"column":31,"line":135},"start":{"column":21,"line":135}},"name":"(anonymous_6)"}},"path":"/home/volland/workspace/package_geoext_extjs6/packages/local/geoext3/src/panel/Popup.js","s":{"1":1,"10":0,"11":0,"12":0,"13":0,"14":0,"15":0,"16":0,"17":0,"18":0,"19":0,"2":1,"20":0,"21":0,"22":0,"23":0,"24":0,"25":0,"26":0,"27":0,"28":0,"3":1,"4":1,"5":0,"6":0,"7":0,"8":0,"9":0},"statementMap":{"1":{"end":{"column":3,"line":143},"start":{"column":0,"line":19}},"10":{"end":{"column":43,"line":78},"start":{"column":8,"line":78}},"11":{"end":{"column":29,"line":79},"start":{"column":8,"line":79}},"12":{"end":{"column":22,"line":86},"start":{"column":8,"line":86}},"13":{"end":{"column":11,"line":91},"start":{"column":8,"line":87}},"14":{"end":{"column":24,"line":92},"start":{"column":8,"line":92}},"15":{"end":{"column":26,"line":93},"start":{"column":8,"line":93}},"16":{"end":{"column":22,"line":100},"start":{"column":8,"line":100}},"17":{"end":{"column":11,"line":106},"start":{"column":8,"line":101}},"18":{"end":{"column":40,"line":108},"start":{"column":8,"line":108}},"19":{"end":{"column":55,"line":110},"start":{"column":8,"line":110}},"2":{"end":{"column":27,"line":61},"start":{"column":8,"line":59}},"20":{"end":{"column":31,"line":113},"start":{"column":8,"line":113}},"21":{"end":{"column":62,"line":121},"start":{"column":8,"line":121}},"22":{"end":{"column":22,"line":128},"start":{"column":8,"line":128}},"23":{"end":{"column":48,"line":129},"start":{"column":8,"line":129}},"24":{"end":{"column":22,"line":136},"start":{"column":8,"line":136}},"25":{"end":{"column":9,"line":140},"start":{"column":8,"line":137}},"26":{"end":{"column":54,"line":138},"start":{"column":12,"line":138}},"27":{"end":{"column":50,"line":139},"start":{"column":12,"line":139}},"28":{"end":{"column":63,"line":141},"start":{"column":8,"line":141}},"3":{"end":{"column":9,"line":65},"start":{"column":8,"line":63}},"4":{"end":{"column":71,"line":64},"start":{"column":12,"line":64}},"5":{"end":{"column":9,"line":76},"start":{"column":8,"line":66}},"6":{"end":{"column":55,"line":68},"start":{"column":12,"line":68}},"7":{"end":{"column":75,"line":72},"start":{"column":12,"line":72}},"8":{"end":{"column":44,"line":75},"start":{"column":12,"line":75}},"9":{"end":{"column":38,"line":77},"start":{"column":8,"line":77}}}},"/home/volland/workspace/package_geoext_extjs6/packages/local/geoext3/src/tree/Panel.js":{"b":{},"branchMap":{},"f":{"1":4},"fnMap":{"1":{"line":61,"loc":{"end":{"column":30,"line":61},"start":{"column":19,"line":61}},"name":"(anonymous_1)"}},"path":"/home/volland/workspace/package_geoext_extjs6/packages/local/geoext3/src/tree/Panel.js","s":{"1":1,"2":4,"3":4},"statementMap":{"1":{"end":{"column":3,"line":66},"start":{"column":0,"line":54}},"2":{"end":{"column":22,"line":62},"start":{"column":8,"line":62}},"3":{"end":{"column":24,"line":64},"start":{"column":8,"line":64}}}}}